<?xml version="1.0" encoding="UTF-8"?>
<!-- Generated by org.testng.reporters.JUnitReportReporter -->
<testsuite hostname="LAPTOP-MC4R20CB" failures="0" tests="3" name="com.ripplestreet.AllGetApis.SurveyControllerGetApi" time="5.581" errors="0" timestamp="2023-09-07T16:18:34 IST" skipped="0">
  <testcase classname="com.ripplestreet.AllGetApis.SurveyControllerGetApi" name="getSurveyStatusByEventIdAndPid" time="2.468"/>
  <testcase classname="com.ripplestreet.AllGetApis.SurveyControllerGetApi" name="getAllLinksByEventId" time="1.527"/>
  <testcase classname="com.ripplestreet.AllGetApis.SurveyControllerGetApi" name="getSurveyListByEventIdAndPid" time="1.586"/>
</testsuite> <!-- com.ripplestreet.AllGetApis.SurveyControllerGetApi -->
