<?xml version="1.0" encoding="UTF-8"?>
<!-- Generated by org.testng.reporters.JUnitReportReporter -->
<testsuite hostname="LAPTOP-MC4R20CB" failures="0" tests="1" name="com.ripplestreet.AllGetApis.AssetControllerGetApi" time="2.129" errors="0" timestamp="2023-08-31T12:32:08 IST" skipped="0">
  <testcase classname="com.ripplestreet.AllGetApis.AssetControllerGetApi" name="getAssetById" time="2.129"/>
</testsuite> <!-- com.ripplestreet.AllGetApis.AssetControllerGetApi -->
