<?xml version="1.0" encoding="UTF-8"?>
<!-- Generated by org.testng.reporters.JUnitReportReporter -->
<testsuite hostname="LAPTOP-MC4R20CB" failures="0" tests="1" name="com.ripplestreet.AllGetApis.AudienceControllerGetApi" time="4.817" errors="0" timestamp="2023-09-06T18:17:57 IST" skipped="0">
  <testcase classname="com.ripplestreet.AllGetApis.AudienceControllerGetApi" name="getParticipantsWithApplicationsForEvent" time="4.817"/>
</testsuite> <!-- com.ripplestreet.AllGetApis.AudienceControllerGetApi -->
