<?xml version="1.0" encoding="UTF-8"?>
<!-- Generated by org.testng.reporters.JUnitReportReporter -->
<testsuite hostname="LAPTOP-MC4R20CB" failures="0" tests="2" name="com.ripplestreet.AllPostApis.EnrollmentControllerPostApi" time="3.292" errors="0" timestamp="2023-07-26T15:45:51 IST" skipped="0">
  <testcase classname="com.ripplestreet.AllPostApis.EnrollmentControllerPostApi" name="createNewEnrollment" time="1.622"/>
  <system-out/>
  <testcase classname="com.ripplestreet.AllPostApis.EnrollmentControllerPostApi" name="RegitserUserEnrollment" time="1.670"/>
  <system-out/>
</testsuite> <!-- com.ripplestreet.AllPostApis.EnrollmentControllerPostApi -->
