<?xml version="1.0" encoding="UTF-8"?>
<!-- Generated by org.testng.reporters.JUnitReportReporter -->
<testsuite hostname="LAPTOP-MC4R20CB" failures="0" tests="1" name="com.ripplestreet.AllGetApis.GameControllerGetApi" time="2.874" errors="0" timestamp="2023-09-08T12:10:14 IST" skipped="0">
  <testcase classname="com.ripplestreet.AllGetApis.GameControllerGetApi" name="getWinningoptionBasedOnTheProbability" time="2.874"/>
</testsuite> <!-- com.ripplestreet.AllGetApis.GameControllerGetApi -->
