<?xml version="1.0" encoding="UTF-8"?>
<!-- Generated by org.testng.reporters.JUnitReportReporter -->
<testsuite hostname="LAPTOP-MC4R20CB" failures="0" tests="1" name="com.ripplestreet.FilterApis.MobileAppEventFilterControllerGetApi" time="138.931" errors="0" timestamp="2023-08-10T10:28:45 IST" skipped="0">
  <testcase classname="com.ripplestreet.FilterApis.MobileAppEventFilterControllerGetApi" name="discoverMobileEvent" time="138.931"/>
</testsuite> <!-- com.ripplestreet.FilterApis.MobileAppEventFilterControllerGetApi -->
