<?xml version="1.0" encoding="UTF-8"?>
<!-- Generated by org.testng.reporters.JUnitReportReporter -->
<testsuite hostname="LAPTOP-MC4R20CB" failures="0" tests="3" name="com.ripplestreet.AllPostApis.EventFeedControllerPostApi" time="17.273" errors="0" timestamp="2023-09-06T18:16:58 IST" skipped="0">
  <testcase classname="com.ripplestreet.AllPostApis.EventFeedControllerPostApi" name="reportFeedById" time="2.442"/>
  <testcase classname="com.ripplestreet.AllPostApis.EventFeedControllerPostApi" name="getFeedComments" time="2.603"/>
  <testcase classname="com.ripplestreet.AllPostApis.EventFeedControllerPostApi" name="getIfFeedAreReportedAndLikedByUserId" time="12.228"/>
</testsuite> <!-- com.ripplestreet.AllPostApis.EventFeedControllerPostApi -->
