<?xml version="1.0" encoding="UTF-8"?>
<!-- Generated by org.testng.reporters.JUnitReportReporter -->
<testsuite hostname="LAPTOP-MC4R20CB" failures="0" tests="1" name="com.ripplestreet.AllPutApis.ReviewControllerPutApi" time="3.234" errors="0" timestamp="2023-09-13T11:25:19 IST" skipped="0">
  <testcase classname="com.ripplestreet.AllPutApis.ReviewControllerPutApi" name="enableOrDisableReview" time="3.234"/>
</testsuite> <!-- com.ripplestreet.AllPutApis.ReviewControllerPutApi -->
