<?xml version="1.0" encoding="UTF-8"?>
<!-- Generated by org.testng.reporters.JUnitReportReporter -->
<testsuite hostname="LAPTOP-MC4R20CB" failures="0" tests="2" name="com.ripplestreet.AllGetApis.RewardAllocationcontrollerGetApi" time="3.547" errors="0" timestamp="2023-09-06T17:32:24 IST" skipped="0">
  <testcase classname="com.ripplestreet.AllGetApis.RewardAllocationcontrollerGetApi" name="getRewardAllocations" time="1.391"/>
  <testcase classname="com.ripplestreet.AllGetApis.RewardAllocationcontrollerGetApi" name="getRewardAllocation" time="2.156"/>
</testsuite> <!-- com.ripplestreet.AllGetApis.RewardAllocationcontrollerGetApi -->
