<?xml version="1.0" encoding="UTF-8"?>
<!-- Generated by org.testng.reporters.JUnitReportReporter -->
<testsuite hostname="LAPTOP-MC4R20CB" failures="0" tests="2" name="com.ripplestreet.AllGetApis.ActivityControllerGetApi" time="3.561" errors="0" timestamp="2023-09-06T12:26:52 IST" skipped="0">
  <testcase classname="com.ripplestreet.AllGetApis.ActivityControllerGetApi" name="getListOfActivities" time="1.994"/>
  <testcase classname="com.ripplestreet.AllGetApis.ActivityControllerGetApi" name="getActivity" time="1.567"/>
</testsuite> <!-- com.ripplestreet.AllGetApis.ActivityControllerGetApi -->
