<?xml version="1.0" encoding="UTF-8"?>
<!-- Generated by org.testng.reporters.JUnitReportReporter -->
<testsuite hostname="LAPTOP-MC4R20CB" failures="0" tests="1" name="com.ripplestreet.AllPostApis.StoreControllerPostApi" time="2.935" errors="0" timestamp="2023-09-08T11:09:14 IST" skipped="0">
  <testcase classname="com.ripplestreet.AllPostApis.StoreControllerPostApi" name="FetchNearestStores" time="2.935"/>
</testsuite> <!-- com.ripplestreet.AllPostApis.StoreControllerPostApi -->
