<?xml version="1.0" encoding="UTF-8"?>
<!-- Generated by org.testng.reporters.JUnitReportReporter -->
<testsuite hostname="LAPTOP-MC4R20CB" failures="0" tests="3" name="com.ripplestreet.AllGetApis.SponserControllerGetApi" time="4.662" errors="0" timestamp="2023-08-09T18:29:28 IST" skipped="0">
  <testcase classname="com.ripplestreet.AllGetApis.SponserControllerGetApi" name="findSponsorById" time="1.596"/>
  <testcase classname="com.ripplestreet.AllGetApis.SponserControllerGetApi" name="getAllSponsors" time="1.431"/>
  <testcase classname="com.ripplestreet.AllGetApis.SponserControllerGetApi" name="findAllsponsorAssetsbysponsorId" time="1.635"/>
</testsuite> <!-- com.ripplestreet.AllGetApis.SponserControllerGetApi -->
