<?xml version="1.0" encoding="UTF-8"?>
<!-- Generated by org.testng.reporters.JUnitReportReporter -->
<testsuite hostname="LAPTOP-MC4R20CB" failures="0" tests="1" name="com.ripplestreet.AllPutApis.AudiencePromotionControllerPutApi" time="1.132" errors="0" timestamp="2023-09-06T12:42:05 IST" skipped="0">
  <testcase classname="com.ripplestreet.AllPutApis.AudiencePromotionControllerPutApi" name="updateAudiencePromotionJobRecordStatusAndParsingCount" time="1.132"/>
</testsuite> <!-- com.ripplestreet.AllPutApis.AudiencePromotionControllerPutApi -->
