<?xml version="1.0" encoding="UTF-8"?>
<!-- Generated by org.testng.reporters.JUnitReportReporter -->
<testsuite hostname="LAPTOP-MC4R20CB" failures="0" tests="3" name="com.ripplestreet.AllGetApis.TriggerControllerGetApi" time="5.158" errors="0" timestamp="2023-07-26T15:45:51 IST" skipped="0">
  <testcase classname="com.ripplestreet.AllGetApis.TriggerControllerGetApi" name="GetAllTriggers" time="1.508"/>
  <system-out/>
  <testcase classname="com.ripplestreet.AllGetApis.TriggerControllerGetApi" name="getTriggerInfoByTableNameAndOperation" time="1.909"/>
  <system-out/>
  <testcase classname="com.ripplestreet.AllGetApis.TriggerControllerGetApi" name="getTriggerDefinition" time="1.741"/>
  <system-out/>
</testsuite> <!-- com.ripplestreet.AllGetApis.TriggerControllerGetApi -->
