<?xml version="1.0" encoding="UTF-8"?>
<!-- Generated by org.testng.reporters.JUnitReportReporter -->
<testsuite hostname="LAPTOP-MC4R20CB" failures="0" tests="1" name="com.ripplestreet.AllPostApis.UGCControllerPostApi" time="2.144" errors="0" timestamp="2023-09-13T12:12:29 IST" skipped="0">
  <testcase classname="com.ripplestreet.AllPostApis.UGCControllerPostApi" name="getSocialAssetForExport" time="2.144"/>
</testsuite> <!-- com.ripplestreet.AllPostApis.UGCControllerPostApi -->
