<?xml version="1.0" encoding="UTF-8"?>
<!-- Generated by org.testng.reporters.JUnitReportReporter -->
<testsuite hostname="LAPTOP-MC4R20CB" failures="0" tests="2" name="com.ripplestreet.AllGetApis.OptinInflightActivationControllerGetApi" time="4.779" errors="0" timestamp="2023-08-10T11:27:01 IST" skipped="0">
  <testcase classname="com.ripplestreet.AllGetApis.OptinInflightActivationControllerGetApi" name="getListOfAllocationTransientRecordByEventId" time="2.893"/>
  <testcase classname="com.ripplestreet.AllGetApis.OptinInflightActivationControllerGetApi" name="getAllocationTransientRecordByEventIdAndPersonId" time="1.886"/>
</testsuite> <!-- com.ripplestreet.AllGetApis.OptinInflightActivationControllerGetApi -->
