<?xml version="1.0" encoding="UTF-8"?>
<!-- Generated by org.testng.reporters.JUnitReportReporter -->
<testsuite hostname="LAPTOP-MC4R20CB" failures="0" tests="1" name="com.ripplestreet.AllPutApis.EventDetailControllerPutApi" time="2.681" errors="0" timestamp="2023-09-04T17:21:32 IST" skipped="0">
  <testcase classname="com.ripplestreet.AllPutApis.EventDetailControllerPutApi" name="addEventBasicDetail" time="2.681"/>
</testsuite> <!-- com.ripplestreet.AllPutApis.EventDetailControllerPutApi -->
