<?xml version="1.0" encoding="UTF-8"?>
<!-- Generated by org.testng.reporters.JUnitReportReporter -->
<testsuite hostname="LAPTOP-MC4R20CB" failures="0" tests="6" name="com.ripplestreet.AllGetApis.RewardControllerGetApi" time="9.847" errors="0" timestamp="2023-08-09T18:29:28 IST" skipped="0">
  <testcase classname="com.ripplestreet.AllGetApis.RewardControllerGetApi" name="getRewardByName" time="1.732"/>
  <testcase classname="com.ripplestreet.AllGetApis.RewardControllerGetApi" name="getReward" time="1.681"/>
  <testcase classname="com.ripplestreet.AllGetApis.RewardControllerGetApi" name="getAllReward" time="1.720"/>
  <testcase classname="com.ripplestreet.AllGetApis.RewardControllerGetApi" name="searchItems" time="1.451"/>
  <testcase classname="com.ripplestreet.AllGetApis.RewardControllerGetApi" name="getRewardSummaryByEventId" time="1.533"/>
  <testcase classname="com.ripplestreet.AllGetApis.RewardControllerGetApi" name="getRewardCount" time="1.730"/>
</testsuite> <!-- com.ripplestreet.AllGetApis.RewardControllerGetApi -->
