<?xml version="1.0" encoding="UTF-8"?>
<!-- Generated by org.testng.reporters.JUnitReportReporter -->
<testsuite hostname="LAPTOP-MC4R20CB" failures="0" tests="1" name="com.ripplestreet.AllGetApis.UgcControllerGetApi" time="2.646" errors="0" timestamp="2023-09-06T12:59:25 IST" skipped="0">
  <testcase classname="com.ripplestreet.AllGetApis.UgcControllerGetApi" name="downloadAsset" time="2.646"/>
</testsuite> <!-- com.ripplestreet.AllGetApis.UgcControllerGetApi -->
