<?xml version="1.0" encoding="UTF-8"?>
<!-- Generated by org.testng.reporters.JUnitReportReporter -->
<testsuite hostname="LAPTOP-MC4R20CB" failures="0" tests="2" name="com.ripplestreet.AllGetApis.IntrestesControllerGetApi" time="2.621" errors="0" timestamp="2023-08-30T10:23:40 IST" skipped="0">
  <testcase classname="com.ripplestreet.AllGetApis.IntrestesControllerGetApi" name="Allcategorieslist" time="1.315"/>
  <testcase classname="com.ripplestreet.AllGetApis.IntrestesControllerGetApi" name="getUserInterestByPersonId" time="1.306"/>
</testsuite> <!-- com.ripplestreet.AllGetApis.IntrestesControllerGetApi -->
