<?xml version="1.0" encoding="UTF-8"?>
<!-- Generated by org.testng.reporters.JUnitReportReporter -->
<testsuite hostname="LAPTOP-MC4R20CB" failures="0" tests="1" name="com.ripplestreet.AllGetApis.CouponControllerGetApi" time="2.942" errors="0" timestamp="2023-08-30T15:13:05 IST" skipped="0">
  <testcase classname="com.ripplestreet.AllGetApis.CouponControllerGetApi" name="getCouponsByActivityId" time="2.942"/>
</testsuite> <!-- com.ripplestreet.AllGetApis.CouponControllerGetApi -->
