<?xml version="1.0" encoding="UTF-8"?>
<!-- Generated by org.testng.reporters.JUnitReportReporter -->
<testsuite hostname="LAPTOP-MC4R20CB" failures="0" tests="2" name="com.ripplestreet.AllGetApis.IntrestesControllerGetApi" time="3.220" errors="0" timestamp="2023-07-17T11:16:10 IST" skipped="0">
  <testcase classname="com.ripplestreet.AllGetApis.IntrestesControllerGetApi" name="Allcategorieslist" time="1.582"/>
  <system-out/>
  <testcase classname="com.ripplestreet.AllGetApis.IntrestesControllerGetApi" name="getUserInterestByPersonId" time="1.638"/>
  <system-out/>
</testsuite> <!-- com.ripplestreet.AllGetApis.IntrestesControllerGetApi -->
