<?xml version="1.0" encoding="UTF-8"?>
<!-- Generated by org.testng.reporters.JUnitReportReporter -->
<testsuite hostname="LAPTOP-MC4R20CB" failures="0" tests="1" name="com.ripplestreet.AllGetApis.UgcControllerGetApi" time="2.756" errors="0" timestamp="2023-08-10T12:47:03 IST" skipped="0">
  <testcase classname="com.ripplestreet.AllGetApis.UgcControllerGetApi" name="getUserAsset" time="2.756"/>
</testsuite> <!-- com.ripplestreet.AllGetApis.UgcControllerGetApi -->
