<?xml version="1.0" encoding="UTF-8"?>
<!-- Generated by org.testng.reporters.JUnitReportReporter -->
<testsuite hostname="LAPTOP-MC4R20CB" failures="0" tests="1" name="com.ripplestreet.AllPostApis.EventControllerPostApi" time="3.582" errors="0" timestamp="2023-09-13T14:59:45 IST" skipped="0">
  <testcase classname="com.ripplestreet.AllPostApis.EventControllerPostApi" name="getEventById" time="3.582"/>
</testsuite> <!-- com.ripplestreet.AllPostApis.EventControllerPostApi -->
