<?xml version="1.0" encoding="UTF-8"?>
<!-- Generated by org.testng.reporters.JUnitReportReporter -->
<testsuite hostname="LAPTOP-MC4R20CB" failures="0" tests="1" name="com.ripplestreet.AllPostApis.CommunityControllerPostApi" time="2.551" errors="0" timestamp="2023-09-05T10:40:59 IST" skipped="0">
  <testcase classname="com.ripplestreet.AllPostApis.CommunityControllerPostApi" name="adminupdateuserProfile" time="2.551"/>
</testsuite> <!-- com.ripplestreet.AllPostApis.CommunityControllerPostApi -->
