<?xml version="1.0" encoding="UTF-8"?>
<!-- Generated by org.testng.reporters.JUnitReportReporter -->
<testsuite hostname="LAPTOP-MC4R20CB" failures="0" tests="1" name="com.ripplestreet.AllGetApis.ConfigurationController" time="2.582" errors="0" timestamp="2023-08-10T12:15:33 IST" skipped="0">
  <testcase classname="com.ripplestreet.AllGetApis.ConfigurationController" name="getAllconfigs" time="2.582"/>
</testsuite> <!-- com.ripplestreet.AllGetApis.ConfigurationController -->
