<?xml version="1.0" encoding="UTF-8"?>
<!-- Generated by org.testng.reporters.JUnitReportReporter -->
<testsuite hostname="LAPTOP-MC4R20CB" failures="0" tests="1" name="com.ripplestreet.AllGetApis.WorkFlowTemplateControllerGetApi" time="2.642" errors="0" timestamp="2023-08-10T12:10:53 IST" skipped="0">
  <testcase classname="com.ripplestreet.AllGetApis.WorkFlowTemplateControllerGetApi" name="getEventWorkflowTemplateByEventId" time="2.642"/>
</testsuite> <!-- com.ripplestreet.AllGetApis.WorkFlowTemplateControllerGetApi -->
