<?xml version="1.0" encoding="UTF-8"?>
<!-- Generated by org.testng.reporters.JUnitReportReporter -->
<testsuite hostname="LAPTOP-MC4R20CB" failures="0" tests="1" name="com.ripplestreet.AllPutApis.DraftEventControllerPutApi" time="1.964" errors="0" timestamp="2023-09-04T16:07:25 IST" skipped="0">
  <testcase classname="com.ripplestreet.AllPutApis.DraftEventControllerPutApi" name="updateDraftEvent" time="1.964"/>
</testsuite> <!-- com.ripplestreet.AllPutApis.DraftEventControllerPutApi -->
