<?xml version="1.0" encoding="UTF-8"?>
<!-- Generated by org.testng.reporters.JUnitReportReporter -->
<testsuite hostname="LAPTOP-MC4R20CB" failures="0" tests="3" name="com.ripplestreet.AllPutApis.RewardDeliveryControllerPutApi" time="6.445" errors="0" timestamp="2023-07-26T15:45:51 IST" skipped="0">
  <testcase classname="com.ripplestreet.AllPutApis.RewardDeliveryControllerPutApi" name="triggerReadyToDeliverAllocations" time="2.110"/>
  <system-out/>
  <testcase classname="com.ripplestreet.AllPutApis.RewardDeliveryControllerPutApi" name="createAndUpdateDeliverySystemAttributeValue" time="2.170"/>
  <system-out/>
  <testcase classname="com.ripplestreet.AllPutApis.RewardDeliveryControllerPutApi" name="UpdateDelveryitemstatus" time="2.165"/>
  <system-out/>
</testsuite> <!-- com.ripplestreet.AllPutApis.RewardDeliveryControllerPutApi -->
