<?xml version="1.0" encoding="UTF-8"?>
<!-- Generated by org.testng.reporters.JUnitReportReporter -->
<testsuite hostname="LAPTOP-MC4R20CB" failures="0" tests="7" name="com.ripplestreet.AllGetApis.FAQcontrollerGetApi" time="11.219" errors="0" timestamp="2023-07-17T11:16:10 IST" skipped="0">
  <testcase classname="com.ripplestreet.AllGetApis.FAQcontrollerGetApi" name="getFAQbyEventId" time="1.624"/>
  <system-out/>
  <testcase classname="com.ripplestreet.AllGetApis.FAQcontrollerGetApi" name="getFAQById" time="1.645"/>
  <system-out/>
  <testcase classname="com.ripplestreet.AllGetApis.FAQcontrollerGetApi" name="GetFAQDetailByEventIdforCommunity" time="1.622"/>
  <system-out/>
  <testcase classname="com.ripplestreet.AllGetApis.FAQcontrollerGetApi" name="getlistofFaqTopicbyFaqId" time="1.639"/>
  <system-out/>
  <testcase classname="com.ripplestreet.AllGetApis.FAQcontrollerGetApi" name="FAQTopicByID" time="1.329"/>
  <system-out/>
  <testcase classname="com.ripplestreet.AllGetApis.FAQcontrollerGetApi" name="GetlistofFaqTopicItemsbyFaqTopicId" time="1.670"/>
  <system-out/>
  <testcase classname="com.ripplestreet.AllGetApis.FAQcontrollerGetApi" name="getFAQTopicitemsById" time="1.690"/>
  <system-out/>
</testsuite> <!-- com.ripplestreet.AllGetApis.FAQcontrollerGetApi -->
