<?xml version="1.0" encoding="UTF-8"?>
<!-- Generated by org.testng.reporters.JUnitReportReporter -->
<testsuite hostname="LAPTOP-MC4R20CB" failures="0" tests="3" name="com.ripplestreet.AllGetApis.MobileAppEventControllerGetApi" time="7.124" errors="0" timestamp="2023-09-13T11:18:54 IST" skipped="0">
  <testcase classname="com.ripplestreet.AllGetApis.MobileAppEventControllerGetApi" name="discovermobileEvents" time="2.504"/>
  <testcase classname="com.ripplestreet.AllGetApis.MobileAppEventControllerGetApi" name="getMobileEventDetailBySlugAndPersonId" time="1.840"/>
  <testcase classname="com.ripplestreet.AllGetApis.MobileAppEventControllerGetApi" name="getMobileEventHeroPlaylists" time="2.780"/>
</testsuite> <!-- com.ripplestreet.AllGetApis.MobileAppEventControllerGetApi -->
