<?xml version="1.0" encoding="UTF-8"?>
<!-- Generated by org.testng.reporters.JUnitReportReporter -->
<testsuite hostname="LAPTOP-MC4R20CB" failures="0" tests="1" name="com.ripplestreet.AllGetApis.TriggerControllerGetApi" time="2.798" errors="0" timestamp="2023-08-30T10:57:45 IST" skipped="0">
  <testcase classname="com.ripplestreet.AllGetApis.TriggerControllerGetApi" name="getTriggerDefinition" time="2.798"/>
</testsuite> <!-- com.ripplestreet.AllGetApis.TriggerControllerGetApi -->
