<?xml version="1.0" encoding="UTF-8"?>
<!-- Generated by org.testng.reporters.JUnitReportReporter -->
<testsuite hostname="LAPTOP-MC4R20CB" failures="0" tests="3" name="com.ripplestreet.AllPostApis.EventFeedControllerPostApi" time="8.430" errors="0" timestamp="2023-09-06T12:36:21 IST" skipped="0">
  <testcase classname="com.ripplestreet.AllPostApis.EventFeedControllerPostApi" name="getIfFeedAreReportedAndLikedByUserId" time="5.696"/>
  <testcase classname="com.ripplestreet.AllPostApis.EventFeedControllerPostApi" name="getFeedComments" time="1.273"/>
  <testcase classname="com.ripplestreet.AllPostApis.EventFeedControllerPostApi" name="reportFeedById" time="1.461"/>
</testsuite> <!-- com.ripplestreet.AllPostApis.EventFeedControllerPostApi -->
