<?xml version="1.0" encoding="UTF-8"?>
<!-- Generated by org.testng.reporters.JUnitReportReporter -->
<testsuite hostname="LAPTOP-MC4R20CB" failures="0" tests="1" name="com.ripplestreet.AllPutApis.ApplicationsControllerPutApi" time="1.715" errors="0" timestamp="2023-09-04T13:53:35 IST" skipped="0">
  <testcase classname="com.ripplestreet.AllPutApis.ApplicationsControllerPutApi" name="deactivateFinalist" time="1.715"/>
</testsuite> <!-- com.ripplestreet.AllPutApis.ApplicationsControllerPutApi -->
