<?xml version="1.0" encoding="UTF-8"?>
<!-- Generated by org.testng.reporters.JUnitReportReporter -->
<testsuite hostname="LAPTOP-MC4R20CB" failures="0" tests="1" name="com.ripplestreet.AllPostApis.SegmentaionDefinitionControllerVersion2PostApi" time="2.064" errors="0" timestamp="2023-09-04T15:39:10 IST" skipped="0">
  <testcase classname="com.ripplestreet.AllPostApis.SegmentaionDefinitionControllerVersion2PostApi" name="createAsegment" time="2.064"/>
</testsuite> <!-- com.ripplestreet.AllPostApis.SegmentaionDefinitionControllerVersion2PostApi -->
