<?xml version="1.0" encoding="UTF-8"?>
<!-- Generated by org.testng.reporters.JUnitReportReporter -->
<testsuite hostname="LAPTOP-MC4R20CB" failures="0" tests="1" name="com.ripplestreet.FilterApis.SegmentaionDefinitionControllerVersion2FiltersGetApi" time="3.900" errors="0" timestamp="2023-08-30T10:26:49 IST" skipped="0">
  <testcase classname="com.ripplestreet.FilterApis.SegmentaionDefinitionControllerVersion2FiltersGetApi" name="getAllSegments" time="3.900"/>
</testsuite> <!-- com.ripplestreet.FilterApis.SegmentaionDefinitionControllerVersion2FiltersGetApi -->
