<?xml version="1.0" encoding="UTF-8"?>
<!-- Generated by org.testng.reporters.JUnitReportReporter -->
<testsuite hostname="LAPTOP-MC4R20CB" failures="0" tests="8" name="com.ripplestreet.AllGetApis.CreativeControllerGetApi" time="9.930" errors="0" timestamp="2023-09-04T14:50:45 IST" skipped="0">
  <testcase classname="com.ripplestreet.AllGetApis.CreativeControllerGetApi" name="findHeroPlaylistById" time="1.208"/>
  <testcase classname="com.ripplestreet.AllGetApis.CreativeControllerGetApi" name="findAllHeroPlaylistByModelId" time="1.164"/>
  <testcase classname="com.ripplestreet.AllGetApis.CreativeControllerGetApi" name="getBannerByEventIdandId" time="1.282"/>
  <testcase classname="com.ripplestreet.AllGetApis.CreativeControllerGetApi" name="getFavorByEventIdAndId" time="1.195"/>
  <testcase classname="com.ripplestreet.AllGetApis.CreativeControllerGetApi" name="finAllBannerByEventId" time="1.207"/>
  <testcase classname="com.ripplestreet.AllGetApis.CreativeControllerGetApi" name="FinfAllfavousByEventId" time="1.274"/>
  <testcase classname="com.ripplestreet.AllGetApis.CreativeControllerGetApi" name="FindHeroplaylistitemById" time="1.308"/>
  <testcase classname="com.ripplestreet.AllGetApis.CreativeControllerGetApi" name="findAllHeroPlaylistItemsByPlayListId" time="1.292"/>
</testsuite> <!-- com.ripplestreet.AllGetApis.CreativeControllerGetApi -->
