<?xml version="1.0" encoding="UTF-8"?>
<!-- Generated by org.testng.reporters.JUnitReportReporter -->
<testsuite hostname="LAPTOP-MC4R20CB" failures="0" tests="5" name="com.ripplestreet.AllPutApis.NotificationControllerPutApi" time="8.574" errors="0" timestamp="2023-09-11T12:28:17 IST" skipped="0">
  <testcase classname="com.ripplestreet.AllPutApis.NotificationControllerPutApi" name="deleteFileUploadByCampaignId" time="2.194"/>
  <testcase classname="com.ripplestreet.AllPutApis.NotificationControllerPutApi" name="resetNotificationReceipentId" time="1.529"/>
  <testcase classname="com.ripplestreet.AllPutApis.NotificationControllerPutApi" name="resetNotificationStatus" time="1.553"/>
  <testcase classname="com.ripplestreet.AllPutApis.NotificationControllerPutApi" name="sendPublishUnpublishNotification" time="1.723"/>
  <testcase classname="com.ripplestreet.AllPutApis.NotificationControllerPutApi" name="resetNotificationRecepientData" time="1.575"/>
</testsuite> <!-- com.ripplestreet.AllPutApis.NotificationControllerPutApi -->
