<?xml version="1.0" encoding="UTF-8"?>
<!-- Generated by org.testng.reporters.JUnitReportReporter -->
<testsuite hostname="LAPTOP-MC4R20CB" failures="0" tests="1" name="com.ripplestreet.FilterApis.SearchControllerFiltersGetApi" time="15.324" errors="0" timestamp="2023-09-06T11:18:05 IST" skipped="0">
  <testcase classname="com.ripplestreet.FilterApis.SearchControllerFiltersGetApi" name="getSearchByEntity" time="15.324"/>
</testsuite> <!-- com.ripplestreet.FilterApis.SearchControllerFiltersGetApi -->
