<?xml version="1.0" encoding="UTF-8"?>
<!-- Generated by org.testng.reporters.JUnitReportReporter -->
<testsuite hostname="LAPTOP-MC4R20CB" failures="0" tests="1" name="com.ripplestreet.AllPostApis.ActivityControllerPostApi" time="2.683" errors="0" timestamp="2023-09-14T11:31:13 IST" skipped="0">
  <testcase classname="com.ripplestreet.AllPostApis.ActivityControllerPostApi" name="RecordActivityResponse" time="2.683"/>
</testsuite> <!-- com.ripplestreet.AllPostApis.ActivityControllerPostApi -->
