<?xml version="1.0" encoding="UTF-8"?>
<!-- Generated by org.testng.reporters.JUnitReportReporter -->
<testsuite hostname="LAPTOP-MC4R20CB" failures="0" tests="1" name="com.ripplestreet.AllGetApis.ActivityGroupControllerGetApi" time="12.071" errors="0" timestamp="2023-09-15T14:32:12 IST" skipped="0">
  <testcase classname="com.ripplestreet.AllGetApis.ActivityGroupControllerGetApi" name="GetListofActivityGroups" time="12.071"/>
</testsuite> <!-- com.ripplestreet.AllGetApis.ActivityGroupControllerGetApi -->
