<?xml version="1.0" encoding="UTF-8"?>
<!-- Generated by org.testng.reporters.JUnitReportReporter -->
<testsuite hostname="LAPTOP-MC4R20CB" failures="0" tests="1" name="com.ripplestreet.AllPutApis.TaskControllerPutApi" time="2.029" errors="0" timestamp="2023-07-26T15:45:51 IST" skipped="0">
  <testcase classname="com.ripplestreet.AllPutApis.TaskControllerPutApi" name="updateTask" time="2.029"/>
  <system-out/>
</testsuite> <!-- com.ripplestreet.AllPutApis.TaskControllerPutApi -->
