<?xml version="1.0" encoding="UTF-8"?>
<!-- Generated by org.testng.reporters.JUnitReportReporter -->
<testsuite hostname="LAPTOP-MC4R20CB" failures="0" tests="1" name="com.ripplestreet.AllGetApis.ImageRecongnitionControllerGetApi" time="5.070" errors="0" timestamp="2023-09-08T14:50:19 IST" skipped="0">
  <testcase classname="com.ripplestreet.AllGetApis.ImageRecongnitionControllerGetApi" name="getImageValidationResponse" time="5.070"/>
</testsuite> <!-- com.ripplestreet.AllGetApis.ImageRecongnitionControllerGetApi -->
