<?xml version="1.0" encoding="UTF-8"?>
<!-- Generated by org.testng.reporters.JUnitReportReporter -->
<testsuite hostname="LAPTOP-MC4R20CB" failures="0" tests="6" name="com.ripplestreet.AllPostApis.CommunityControllerPostApi" time="7.626" errors="0" timestamp="2023-09-06T12:36:21 IST" skipped="0">
  <testcase classname="com.ripplestreet.AllPostApis.CommunityControllerPostApi" name="GetPeopleHeadshotInfobylistOfPersionIds" time="1.207"/>
  <testcase classname="com.ripplestreet.AllPostApis.CommunityControllerPostApi" name="GettingDetailOfUserCommunicationsByPersonIdAndEventId" time="1.244"/>
  <testcase classname="com.ripplestreet.AllPostApis.CommunityControllerPostApi" name="getAllUserByIds" time="1.301"/>
  <testcase classname="com.ripplestreet.AllPostApis.CommunityControllerPostApi" name="adminupdateuserProfile" time="1.319"/>
  <testcase classname="com.ripplestreet.AllPostApis.CommunityControllerPostApi" name="saveUserProfile" time="1.272"/>
  <testcase classname="com.ripplestreet.AllPostApis.CommunityControllerPostApi" name="getAlluserByIds" time="1.283"/>
</testsuite> <!-- com.ripplestreet.AllPostApis.CommunityControllerPostApi -->
