<?xml version="1.0" encoding="UTF-8"?>
<!-- Generated by org.testng.reporters.JUnitReportReporter -->
<testsuite hostname="LAPTOP-MC4R20CB" failures="0" tests="7" name="com.ripplestreet.AllGetApis.FAQcontrollerGetApi" time="13.184" errors="0" timestamp="2023-07-26T15:45:51 IST" skipped="0">
  <testcase classname="com.ripplestreet.AllGetApis.FAQcontrollerGetApi" name="getFAQbyEventId" time="1.824"/>
  <system-out/>
  <testcase classname="com.ripplestreet.AllGetApis.FAQcontrollerGetApi" name="getFAQById" time="1.866"/>
  <system-out/>
  <testcase classname="com.ripplestreet.AllGetApis.FAQcontrollerGetApi" name="GetFAQDetailByEventIdforCommunity" time="1.965"/>
  <system-out/>
  <testcase classname="com.ripplestreet.AllGetApis.FAQcontrollerGetApi" name="getlistofFaqTopicbyFaqId" time="1.824"/>
  <system-out/>
  <testcase classname="com.ripplestreet.AllGetApis.FAQcontrollerGetApi" name="FAQTopicByID" time="1.737"/>
  <system-out/>
  <testcase classname="com.ripplestreet.AllGetApis.FAQcontrollerGetApi" name="GetlistofFaqTopicItemsbyFaqTopicId" time="1.807"/>
  <system-out/>
  <testcase classname="com.ripplestreet.AllGetApis.FAQcontrollerGetApi" name="getFAQTopicitemsById" time="2.161"/>
  <system-out/>
</testsuite> <!-- com.ripplestreet.AllGetApis.FAQcontrollerGetApi -->
