<?xml version="1.0" encoding="UTF-8"?>
<!-- Generated by org.testng.reporters.JUnitReportReporter -->
<testsuite hostname="LAPTOP-MC4R20CB" failures="0" tests="1" name="com.ripplestreet.AllPostApis.JobControllerPostApi" time="1.297" errors="0" timestamp="2023-09-06T12:36:21 IST" skipped="0">
  <testcase classname="com.ripplestreet.AllPostApis.JobControllerPostApi" name="CreateJob" time="1.297"/>
</testsuite> <!-- com.ripplestreet.AllPostApis.JobControllerPostApi -->
