<?xml version="1.0" encoding="UTF-8"?>
<!-- Generated by org.testng.reporters.JUnitReportReporter -->
<testsuite hostname="LAPTOP-MC4R20CB" failures="0" tests="3" name="com.ripplestreet.AllGetApis.SponserControllerGetApi" time="5.518" errors="0" timestamp="2023-09-06T12:26:52 IST" skipped="0">
  <testcase classname="com.ripplestreet.AllGetApis.SponserControllerGetApi" name="findSponsorById" time="1.838"/>
  <testcase classname="com.ripplestreet.AllGetApis.SponserControllerGetApi" name="getAllSponsors" time="1.840"/>
  <testcase classname="com.ripplestreet.AllGetApis.SponserControllerGetApi" name="findAllsponsorAssetsbysponsorId" time="1.840"/>
</testsuite> <!-- com.ripplestreet.AllGetApis.SponserControllerGetApi -->
