<?xml version="1.0" encoding="UTF-8"?>
<!-- Generated by org.testng.reporters.JUnitReportReporter -->
<testsuite hostname="LAPTOP-MC4R20CB" failures="0" tests="1" name="com.ripplestreet.AllPostApis.ClickTheLinkControllerPostApi" time="2.686" errors="0" timestamp="2023-09-08T12:14:30 IST" skipped="0">
  <testcase classname="com.ripplestreet.AllPostApis.ClickTheLinkControllerPostApi" name="clickLinks" time="2.686"/>
</testsuite> <!-- com.ripplestreet.AllPostApis.ClickTheLinkControllerPostApi -->
