<?xml version="1.0" encoding="UTF-8"?>
<!-- Generated by org.testng.reporters.JUnitReportReporter -->
<testsuite hostname="LAPTOP-MC4R20CB" failures="0" tests="1" name="com.ripplestreet.AllGetApis.ApplicationControllerGetApi" time="2.085" errors="0" timestamp="2023-09-06T17:37:46 IST" skipped="0">
  <testcase classname="com.ripplestreet.AllGetApis.ApplicationControllerGetApi" name="getAllApplications" time="2.085"/>
</testsuite> <!-- com.ripplestreet.AllGetApis.ApplicationControllerGetApi -->
