<?xml version="1.0" encoding="UTF-8"?>
<!-- Generated by org.testng.reporters.JUnitReportReporter -->
<testsuite hostname="LAPTOP-MC4R20CB" failures="0" tests="3" name="com.ripplestreet.AllGetApis.WorkFlowTemplateControllerGetApi" time="5.656" errors="0" timestamp="2023-07-26T15:45:51 IST" skipped="0">
  <testcase classname="com.ripplestreet.AllGetApis.WorkFlowTemplateControllerGetApi" name="getEventWorkflowTemplateByEventId" time="1.867"/>
  <system-out/>
  <testcase classname="com.ripplestreet.AllGetApis.WorkFlowTemplateControllerGetApi" name="getListOfWorkFlowTemplates" time="1.840"/>
  <system-out/>
  <testcase classname="com.ripplestreet.AllGetApis.WorkFlowTemplateControllerGetApi" name="getStepFunctionByArn" time="1.949"/>
  <system-out/>
</testsuite> <!-- com.ripplestreet.AllGetApis.WorkFlowTemplateControllerGetApi -->
