<?xml version="1.0" encoding="UTF-8"?>
<!-- Generated by org.testng.reporters.JUnitReportReporter -->
<testsuite hostname="LAPTOP-MC4R20CB" failures="0" tests="9" name="com.ripplestreet.AllGetApis.CommunityControllerGetApi" time="27.296" errors="0" timestamp="2023-07-17T11:16:10 IST" skipped="0">
  <testcase classname="com.ripplestreet.AllGetApis.CommunityControllerGetApi" name="getAllAddressEntriesByPersonId" time="1.529"/>
  <system-out/>
  <testcase classname="com.ripplestreet.AllGetApis.CommunityControllerGetApi" name="getAllEventsByUserAndParticipantType" time="1.609"/>
  <system-out/>
  <testcase classname="com.ripplestreet.AllGetApis.CommunityControllerGetApi" name="getAllUsersByEventAndParticipantType" time="1.656"/>
  <system-out/>
  <testcase classname="com.ripplestreet.AllGetApis.CommunityControllerGetApi" name="GettingDetailOfHeadHostByPersonId" time="1.627"/>
  <system-out/>
  <testcase classname="com.ripplestreet.AllGetApis.CommunityControllerGetApi" name="getUserEventParticipationBit" time="1.434"/>
  <system-out/>
  <testcase classname="com.ripplestreet.AllGetApis.CommunityControllerGetApi" name="getUserListByFilters" time="14.445"/>
  <system-out/>
  <testcase classname="com.ripplestreet.AllGetApis.CommunityControllerGetApi" name="getUserParticipationBits" time="1.748"/>
  <system-out/>
  <testcase classname="com.ripplestreet.AllGetApis.CommunityControllerGetApi" name="getUserProfile" time="1.643"/>
  <system-out/>
  <testcase classname="com.ripplestreet.AllGetApis.CommunityControllerGetApi" name="getUserDetails" time="1.605"/>
  <system-out/>
</testsuite> <!-- com.ripplestreet.AllGetApis.CommunityControllerGetApi -->
