<?xml version="1.0" encoding="UTF-8"?>
<!-- Generated by org.testng.reporters.JUnitReportReporter -->
<testsuite hostname="LAPTOP-MC4R20CB" failures="0" tests="2" name="com.ripplestreet.AllPostApis.IntrestControllerPostApi" time="2.534" errors="0" timestamp="2023-09-06T12:36:21 IST" skipped="0">
  <testcase classname="com.ripplestreet.AllPostApis.IntrestControllerPostApi" name="createIntrest" time="1.267"/>
  <testcase classname="com.ripplestreet.AllPostApis.IntrestControllerPostApi" name="creatIntrestInBulk" time="1.267"/>
</testsuite> <!-- com.ripplestreet.AllPostApis.IntrestControllerPostApi -->
