<?xml version="1.0" encoding="UTF-8"?>
<!-- Generated by org.testng.reporters.JUnitReportReporter -->
<testsuite hostname="LAPTOP-MC4R20CB" failures="0" tests="3" name="com.ripplestreet.AllGetApis.WorkFlowTemplateControllerGetApi" time="3.814" errors="0" timestamp="2023-08-30T10:23:40 IST" skipped="0">
  <testcase classname="com.ripplestreet.AllGetApis.WorkFlowTemplateControllerGetApi" name="getEventWorkflowTemplateByEventId" time="1.220"/>
  <testcase classname="com.ripplestreet.AllGetApis.WorkFlowTemplateControllerGetApi" name="getListOfWorkFlowTemplates" time="1.250"/>
  <testcase classname="com.ripplestreet.AllGetApis.WorkFlowTemplateControllerGetApi" name="getStepFunctionByArn" time="1.344"/>
</testsuite> <!-- com.ripplestreet.AllGetApis.WorkFlowTemplateControllerGetApi -->
