<?xml version="1.0" encoding="UTF-8"?>
<!-- Generated by org.testng.reporters.JUnitReportReporter -->
<testsuite hostname="LAPTOP-MC4R20CB" failures="0" tests="3" name="com.ripplestreet.AllPostApis.ReviewControllerPostApi" time="6.362" errors="0" timestamp="2023-09-06T11:01:48 IST" skipped="0">
  <testcase classname="com.ripplestreet.AllPostApis.ReviewControllerPostApi" name="createExternalReview" time="2.030"/>
  <testcase classname="com.ripplestreet.AllPostApis.ReviewControllerPostApi" name="create" time="2.556"/>
  <testcase classname="com.ripplestreet.AllPostApis.ReviewControllerPostApi" name="getReviewListByFilter" time="1.776"/>
</testsuite> <!-- com.ripplestreet.AllPostApis.ReviewControllerPostApi -->
