<?xml version="1.0" encoding="UTF-8"?>
<!-- Generated by org.testng.reporters.JUnitReportReporter -->
<testsuite hostname="LAPTOP-MC4R20CB" failures="0" tests="1" name="com.ripplestreet.AllPostApis.ReviewControllerPostApi" time="2.896" errors="0" timestamp="2023-09-08T12:58:36 IST" skipped="0">
  <testcase classname="com.ripplestreet.AllPostApis.ReviewControllerPostApi" name="getReviewListByFiltersForExport" time="2.896"/>
</testsuite> <!-- com.ripplestreet.AllPostApis.ReviewControllerPostApi -->
