<?xml version="1.0" encoding="UTF-8"?>
<!-- Generated by org.testng.reporters.JUnitReportReporter -->
<testsuite hostname="LAPTOP-MC4R20CB" failures="0" tests="1" name="com.ripplestreet.AllGetApis.PartyControllerGetApi" time="2.047" errors="0" timestamp="2023-07-26T15:45:51 IST" skipped="0">
  <testcase classname="com.ripplestreet.AllGetApis.PartyControllerGetApi" name="getlistofparties" time="2.047"/>
  <system-out/>
</testsuite> <!-- com.ripplestreet.AllGetApis.PartyControllerGetApi -->
