<?xml version="1.0" encoding="UTF-8"?>
<!-- Generated by org.testng.reporters.JUnitReportReporter -->
<testsuite hostname="LAPTOP-MC4R20CB" failures="0" tests="2" name="com.ripplestreet.AllPostApis.EventControllerPostApi" time="4.307" errors="0" timestamp="2023-08-09T18:29:28 IST" skipped="0">
  <testcase classname="com.ripplestreet.AllPostApis.EventControllerPostApi" name="creatEventSubscription" time="2.652"/>
  <testcase classname="com.ripplestreet.AllPostApis.EventControllerPostApi" name="getEventById" time="1.655"/>
</testsuite> <!-- com.ripplestreet.AllPostApis.EventControllerPostApi -->
