<?xml version="1.0" encoding="UTF-8"?>
<!-- Generated by org.testng.reporters.JUnitReportReporter -->
<testsuite hostname="LAPTOP-MC4R20CB" failures="0" tests="2" name="com.ripplestreet.FilterApis.CommunityServiceFiltersgetApi" time="16.934" errors="0" timestamp="2023-08-30T10:26:49 IST" skipped="0">
  <testcase classname="com.ripplestreet.FilterApis.CommunityServiceFiltersgetApi" name="getAllUsersByEventAndParticipantType" time="8.613"/>
  <testcase classname="com.ripplestreet.FilterApis.CommunityServiceFiltersgetApi" name="getAllAdressEntriesByPersonId" time="8.321"/>
</testsuite> <!-- com.ripplestreet.FilterApis.CommunityServiceFiltersgetApi -->
