<?xml version="1.0" encoding="UTF-8"?>
<!-- Generated by org.testng.reporters.JUnitReportReporter -->
<testsuite hostname="LAPTOP-MC4R20CB" failures="0" tests="1" name="com.ripplestreet.AllPutApis.ActivityGroupControllerPutApi" time="3.051" errors="0" timestamp="2023-09-04T16:13:58 IST" skipped="0">
  <testcase classname="com.ripplestreet.AllPutApis.ActivityGroupControllerPutApi" name="updateActivityGroup" time="3.051"/>
</testsuite> <!-- com.ripplestreet.AllPutApis.ActivityGroupControllerPutApi -->
