<?xml version="1.0" encoding="UTF-8"?>
<!-- Generated by org.testng.reporters.JUnitReportReporter -->
<testsuite hostname="LAPTOP-MC4R20CB" failures="0" tests="6" name="com.ripplestreet.AllGetApis.RewardControllerGetApi" time="11.756" errors="0" timestamp="2023-07-26T15:45:51 IST" skipped="0">
  <testcase classname="com.ripplestreet.AllGetApis.RewardControllerGetApi" name="getRewardByName" time="1.986"/>
  <system-out/>
  <testcase classname="com.ripplestreet.AllGetApis.RewardControllerGetApi" name="getReward" time="1.894"/>
  <system-out/>
  <testcase classname="com.ripplestreet.AllGetApis.RewardControllerGetApi" name="getAllReward" time="2.028"/>
  <system-out/>
  <testcase classname="com.ripplestreet.AllGetApis.RewardControllerGetApi" name="searchItems" time="1.856"/>
  <system-out/>
  <testcase classname="com.ripplestreet.AllGetApis.RewardControllerGetApi" name="getRewardSummaryByEventId" time="1.907"/>
  <system-out/>
  <testcase classname="com.ripplestreet.AllGetApis.RewardControllerGetApi" name="getRewardCount" time="2.085"/>
  <system-out/>
</testsuite> <!-- com.ripplestreet.AllGetApis.RewardControllerGetApi -->
