<?xml version="1.0" encoding="UTF-8"?>
<!-- Generated by org.testng.reporters.JUnitReportReporter -->
<testsuite hostname="LAPTOP-MC4R20CB" failures="0" tests="2" name="com.ripplestreet.AllGetApis.ActivityControllerGetApi" time="3.066" errors="0" timestamp="2023-09-04T14:50:45 IST" skipped="0">
  <testcase classname="com.ripplestreet.AllGetApis.ActivityControllerGetApi" name="getListOfActivities" time="1.817"/>
  <testcase classname="com.ripplestreet.AllGetApis.ActivityControllerGetApi" name="getActivity" time="1.249"/>
</testsuite> <!-- com.ripplestreet.AllGetApis.ActivityControllerGetApi -->
