<?xml version="1.0" encoding="UTF-8"?>
<!-- Generated by org.testng.reporters.JUnitReportReporter -->
<testsuite hostname="LAPTOP-MC4R20CB" failures="0" tests="1" name="com.ripplestreet.AllGetApis.AudienceSearchControllerGetApi" time="2.422" errors="0" timestamp="2023-09-06T17:39:42 IST" skipped="0">
  <testcase classname="com.ripplestreet.AllGetApis.AudienceSearchControllerGetApi" name="searchableFields" time="2.422"/>
</testsuite> <!-- com.ripplestreet.AllGetApis.AudienceSearchControllerGetApi -->
