<?xml version="1.0" encoding="UTF-8"?>
<!-- Generated by org.testng.reporters.JUnitReportReporter -->
<testsuite hostname="LAPTOP-MC4R20CB" failures="0" tests="3" name="com.ripplestreet.AllPostApis.EventFeedControllerPostApi" time="7.788" errors="0" timestamp="2023-07-26T15:45:51 IST" skipped="0">
  <testcase classname="com.ripplestreet.AllPostApis.EventFeedControllerPostApi" name="getIfFeedAreReportedAndLikedByUserId" time="4.603"/>
  <system-out/>
  <testcase classname="com.ripplestreet.AllPostApis.EventFeedControllerPostApi" name="reportFeedById" time="1.638"/>
  <system-out/>
  <testcase classname="com.ripplestreet.AllPostApis.EventFeedControllerPostApi" name="getFeedComments" time="1.547"/>
  <system-out/>
</testsuite> <!-- com.ripplestreet.AllPostApis.EventFeedControllerPostApi -->
