<?xml version="1.0" encoding="UTF-8"?>
<!-- Generated by org.testng.reporters.JUnitReportReporter -->
<testsuite hostname="LAPTOP-MC4R20CB" failures="0" tests="2" name="com.ripplestreet.AllGetApis.RewardAllocationcontrollerGetApi" time="3.839" errors="0" timestamp="2023-09-06T12:26:52 IST" skipped="0">
  <testcase classname="com.ripplestreet.AllGetApis.RewardAllocationcontrollerGetApi" name="getRewardAllocations" time="1.986"/>
  <testcase classname="com.ripplestreet.AllGetApis.RewardAllocationcontrollerGetApi" name="getRewardAllocation" time="1.853"/>
</testsuite> <!-- com.ripplestreet.AllGetApis.RewardAllocationcontrollerGetApi -->
