<?xml version="1.0" encoding="UTF-8"?>
<!-- Generated by org.testng.reporters.JUnitReportReporter -->
<testsuite hostname="LAPTOP-MC4R20CB" failures="0" tests="3" name="com.ripplestreet.AllGetApis.SurveyControllerGetApi" time="5.427" errors="0" timestamp="2023-09-06T12:26:52 IST" skipped="0">
  <testcase classname="com.ripplestreet.AllGetApis.SurveyControllerGetApi" name="getSurveyStatusByEventIdAndPid" time="1.813"/>
  <testcase classname="com.ripplestreet.AllGetApis.SurveyControllerGetApi" name="getAllLinksByEventId" time="1.817"/>
  <testcase classname="com.ripplestreet.AllGetApis.SurveyControllerGetApi" name="getSurveyListByEventIdAndPid" time="1.797"/>
</testsuite> <!-- com.ripplestreet.AllGetApis.SurveyControllerGetApi -->
