<?xml version="1.0" encoding="UTF-8"?>
<!-- Generated by org.testng.reporters.JUnitReportReporter -->
<testsuite hostname="LAPTOP-MC4R20CB" failures="0" tests="2" name="com.ripplestreet.AllGetApis.CampaignControllerGetApi" time="2.824" errors="0" timestamp="2023-08-30T10:23:40 IST" skipped="0">
  <testcase classname="com.ripplestreet.AllGetApis.CampaignControllerGetApi" name="findCampaignById" time="1.505"/>
  <testcase classname="com.ripplestreet.AllGetApis.CampaignControllerGetApi" name="findAllCampaingn" time="1.319"/>
</testsuite> <!-- com.ripplestreet.AllGetApis.CampaignControllerGetApi -->
