<?xml version="1.0" encoding="UTF-8"?>
<!-- Generated by org.testng.reporters.JUnitReportReporter -->
<testsuite hostname="LAPTOP-MC4R20CB" failures="0" tests="3" name="com.ripplestreet.AllGetApis.AchievementControllerGetApi" time="6.012" errors="0" timestamp="2023-09-06T12:26:52 IST" skipped="0">
  <testcase classname="com.ripplestreet.AllGetApis.AchievementControllerGetApi" name="GetListofAchievements" time="2.126"/>
  <testcase classname="com.ripplestreet.AllGetApis.AchievementControllerGetApi" name="getAchivements" time="1.936"/>
  <testcase classname="com.ripplestreet.AllGetApis.AchievementControllerGetApi" name="GetListofAchievementsforTriggerId" time="1.950"/>
</testsuite> <!-- com.ripplestreet.AllGetApis.AchievementControllerGetApi -->
