<?xml version="1.0" encoding="UTF-8"?>
<!-- Generated by org.testng.reporters.JUnitReportReporter -->
<testsuite hostname="LAPTOP-MC4R20CB" failures="0" tests="3" name="com.ripplestreet.AllGetApis.TriggerControllerGetApi" time="4.731" errors="0" timestamp="2023-09-07T16:18:34 IST" skipped="0">
  <testcase classname="com.ripplestreet.AllGetApis.TriggerControllerGetApi" name="GetAllTriggers" time="1.576"/>
  <testcase classname="com.ripplestreet.AllGetApis.TriggerControllerGetApi" name="getTriggerInfoByTableNameAndOperation" time="1.607"/>
  <testcase classname="com.ripplestreet.AllGetApis.TriggerControllerGetApi" name="getTriggerDefinition" time="1.548"/>
</testsuite> <!-- com.ripplestreet.AllGetApis.TriggerControllerGetApi -->
