<?xml version="1.0" encoding="UTF-8"?>
<!-- Generated by org.testng.reporters.JUnitReportReporter -->
<testsuite hostname="LAPTOP-MC4R20CB" failures="0" tests="1" name="com.ripplestreet.AllGetApis.UserStatusControllerGetApi" time="2.761" errors="0" timestamp="2023-08-11T13:02:50 IST" skipped="0">
  <testcase classname="com.ripplestreet.AllGetApis.UserStatusControllerGetApi" name="GetUserAndEventDataByEventIdandPersonId" time="2.761"/>
</testsuite> <!-- com.ripplestreet.AllGetApis.UserStatusControllerGetApi -->
