<?xml version="1.0" encoding="UTF-8"?>
<!-- Generated by org.testng.reporters.JUnitReportReporter -->
<testsuite hostname="LAPTOP-MC4R20CB" failures="0" tests="1" name="com.ripplestreet.FilterApis.MobileAppEventFilterControllerGetApi" time="9.532" errors="0" timestamp="2023-09-06T12:34:38 IST" skipped="0">
  <testcase classname="com.ripplestreet.FilterApis.MobileAppEventFilterControllerGetApi" name="discoverMobileEvent" time="9.532"/>
</testsuite> <!-- com.ripplestreet.FilterApis.MobileAppEventFilterControllerGetApi -->
