<?xml version="1.0" encoding="UTF-8"?>
<!-- Generated by org.testng.reporters.JUnitReportReporter -->
<testsuite hostname="LAPTOP-MC4R20CB" failures="0" tests="3" name="com.ripplestreet.AllGetApis.MobileAppEventControllerGetApi" time="6.253" errors="0" timestamp="2023-09-15T16:19:29 IST" skipped="0">
  <testcase classname="com.ripplestreet.AllGetApis.MobileAppEventControllerGetApi" name="getMobileEventHeroPlaylists" time="2.832"/>
  <testcase classname="com.ripplestreet.AllGetApis.MobileAppEventControllerGetApi" name="discovermobileEvents" time="1.850"/>
  <testcase classname="com.ripplestreet.AllGetApis.MobileAppEventControllerGetApi" name="getMobileEventDetailBySlugAndPersonId" time="1.571"/>
</testsuite> <!-- com.ripplestreet.AllGetApis.MobileAppEventControllerGetApi -->
