<?xml version="1.0" encoding="UTF-8"?>
<!-- Generated by org.testng.reporters.JUnitReportReporter -->
<testsuite hostname="LAPTOP-MC4R20CB" failures="0" tests="2" name="com.ripplestreet.AllGetApis.TrackableLinkcontrollerGetApi" time="4.745" errors="0" timestamp="2023-08-10T12:48:43 IST" skipped="0">
  <testcase classname="com.ripplestreet.AllGetApis.TrackableLinkcontrollerGetApi" name="findAllLinksForAnEvent" time="2.900"/>
  <testcase classname="com.ripplestreet.AllGetApis.TrackableLinkcontrollerGetApi" name="getLinkById" time="1.845"/>
</testsuite> <!-- com.ripplestreet.AllGetApis.TrackableLinkcontrollerGetApi -->
