<?xml version="1.0" encoding="UTF-8"?>
<!-- Generated by org.testng.reporters.JUnitReportReporter -->
<testsuite hostname="LAPTOP-MC4R20CB" failures="0" tests="1" name="com.ripplestreet.AllGetApis.MarketingGoalsControllerGetApi" time="5.550" errors="0" timestamp="2023-09-06T13:04:50 IST" skipped="0">
  <testcase classname="com.ripplestreet.AllGetApis.MarketingGoalsControllerGetApi" name="getMarketingGoalsForEvent" time="5.550"/>
</testsuite> <!-- com.ripplestreet.AllGetApis.MarketingGoalsControllerGetApi -->
