<?xml version="1.0" encoding="UTF-8"?>
<!-- Generated by org.testng.reporters.JUnitReportReporter -->
<testsuite hostname="LAPTOP-MC4R20CB" failures="0" tests="1" name="com.ripplestreet.AllPostApis.EnrollmentControllerPostApi" time="2.022" errors="0" timestamp="2023-09-04T15:38:05 IST" skipped="0">
  <testcase classname="com.ripplestreet.AllPostApis.EnrollmentControllerPostApi" name="RegitserUserEnrollment" time="2.022"/>
</testsuite> <!-- com.ripplestreet.AllPostApis.EnrollmentControllerPostApi -->
