<?xml version="1.0" encoding="UTF-8"?>
<!-- Generated by org.testng.reporters.JUnitReportReporter -->
<testsuite hostname="LAPTOP-MC4R20CB" failures="0" tests="2" name="com.ripplestreet.AllGetApis.TremendouesControllerGetApi" time="4.151" errors="0" timestamp="2023-08-31T11:38:39 IST" skipped="0">
  <testcase classname="com.ripplestreet.AllGetApis.TremendouesControllerGetApi" name="getTremendousCampaigns" time="1.828"/>
  <testcase classname="com.ripplestreet.AllGetApis.TremendouesControllerGetApi" name="getTremendousFundingSources" time="2.323"/>
</testsuite> <!-- com.ripplestreet.AllGetApis.TremendouesControllerGetApi -->
