<?xml version="1.0" encoding="UTF-8"?>
<!-- Generated by org.testng.reporters.JUnitReportReporter -->
<testsuite hostname="LAPTOP-MC4R20CB" failures="0" tests="1" name="com.ripplestreet.AllGetApis.EventTemplateControllerGetApi" time="2.382" errors="0" timestamp="2023-09-04T14:57:01 IST" skipped="0">
  <testcase classname="com.ripplestreet.AllGetApis.EventTemplateControllerGetApi" name="findAllEventTemplate" time="2.382"/>
</testsuite> <!-- com.ripplestreet.AllGetApis.EventTemplateControllerGetApi -->
