<?xml version="1.0" encoding="UTF-8"?>
<!-- Generated by org.testng.reporters.JUnitReportReporter -->
<testsuite hostname="LAPTOP-MC4R20CB" failures="0" tests="1" name="com.ripplestreet.AllPutApis.EventFeedControllerPutApi" time="0.095" errors="0" timestamp="2023-09-04T17:22:13 IST" skipped="0">
  <testcase classname="com.ripplestreet.AllPutApis.EventFeedControllerPutApi" name="likeAfeedById" time="0.095"/>
</testsuite> <!-- com.ripplestreet.AllPutApis.EventFeedControllerPutApi -->
