<?xml version="1.0" encoding="UTF-8"?>
<!-- Generated by org.testng.reporters.JUnitReportReporter -->
<testsuite hostname="LAPTOP-MC4R20CB" failures="0" tests="1" name="com.ripplestreet.AllGetApis.EventControllerGetApi" time="1.626" errors="0" timestamp="2023-09-06T13:14:37 IST" skipped="0">
  <testcase classname="com.ripplestreet.AllGetApis.EventControllerGetApi" name="getAllCurrentMileStoneByEvent" time="1.626"/>
</testsuite> <!-- com.ripplestreet.AllGetApis.EventControllerGetApi -->
