<?xml version="1.0" encoding="UTF-8"?>
<!-- Generated by org.testng.reporters.JUnitReportReporter -->
<testsuite hostname="LAPTOP-MC4R20CB" failures="0" tests="1" name="com.ripplestreet.AllPutApis.DiscussionControllerPutApi" time="2.863" errors="0" timestamp="2023-09-06T14:10:45 IST" skipped="0">
  <testcase classname="com.ripplestreet.AllPutApis.DiscussionControllerPutApi" name="updateAdminDiscussion" time="2.863"/>
</testsuite> <!-- com.ripplestreet.AllPutApis.DiscussionControllerPutApi -->
