<?xml version="1.0" encoding="UTF-8"?>
<!-- Generated by org.testng.reporters.JUnitReportReporter -->
<testsuite hostname="LAPTOP-MC4R20CB" failures="0" tests="1" name="com.ripplestreet.AllGetApis.BenefitControllerGetApi" time="2.873" errors="0" timestamp="2023-09-13T10:06:16 IST" skipped="0">
  <testcase classname="com.ripplestreet.AllGetApis.BenefitControllerGetApi" name="GetListofBenefit" time="2.873"/>
</testsuite> <!-- com.ripplestreet.AllGetApis.BenefitControllerGetApi -->
