<?xml version="1.0" encoding="UTF-8"?>
<!-- Generated by org.testng.reporters.JUnitReportReporter -->
<testsuite hostname="LAPTOP-MC4R20CB" failures="0" tests="1" name="com.ripplestreet.AllGetApis.PartyControllerGetApi" time="1.576" errors="0" timestamp="2023-09-07T16:18:34 IST" skipped="0">
  <testcase classname="com.ripplestreet.AllGetApis.PartyControllerGetApi" name="getlistofparties" time="1.576"/>
</testsuite> <!-- com.ripplestreet.AllGetApis.PartyControllerGetApi -->
