<?xml version="1.0" encoding="UTF-8"?>
<!-- Generated by org.testng.reporters.JUnitReportReporter -->
<testsuite hostname="LAPTOP-MC4R20CB" failures="0" tests="1" name="com.ripplestreet.AllPutApis.RewardPreferencePutApi" time="1.752" errors="0" timestamp="2023-07-17T11:16:10 IST" skipped="0">
  <testcase classname="com.ripplestreet.AllPutApis.RewardPreferencePutApi" name="updaterewardPreference" time="1.752"/>
  <system-out/>
</testsuite> <!-- com.ripplestreet.AllPutApis.RewardPreferencePutApi -->
