<?xml version="1.0" encoding="UTF-8"?>
<!-- Generated by org.testng.reporters.JUnitReportReporter -->
<testsuite hostname="LAPTOP-MC4R20CB" failures="0" tests="1" name="com.ripplestreet.AllPutApis.EventDetailControllerPutApi" time="1.922" errors="0" timestamp="2023-08-31T12:30:31 IST" skipped="0">
  <testcase classname="com.ripplestreet.AllPutApis.EventDetailControllerPutApi" name="updateeventEventMileStones" time="1.922"/>
</testsuite> <!-- com.ripplestreet.AllPutApis.EventDetailControllerPutApi -->
