<?xml version="1.0" encoding="UTF-8"?>
<!-- Generated by org.testng.reporters.JUnitReportReporter -->
<testsuite hostname="LAPTOP-MC4R20CB" failures="0" tests="1" name="com.ripplestreet.AllPutApis.RewardPreferencePutApi" time="2.727" errors="0" timestamp="2023-09-04T16:24:51 IST" skipped="0">
  <testcase classname="com.ripplestreet.AllPutApis.RewardPreferencePutApi" name="updaterewardPreference" time="2.727"/>
</testsuite> <!-- com.ripplestreet.AllPutApis.RewardPreferencePutApi -->
