<?xml version="1.0" encoding="UTF-8"?>
<!-- Generated by org.testng.reporters.JUnitReportReporter -->
<testsuite hostname="LAPTOP-MC4R20CB" failures="0" tests="2" name="com.ripplestreet.AllGetApis.ReviewSentimentAnalysisControllerGetApi" time="4.411" errors="0" timestamp="2023-09-13T11:38:28 IST" skipped="0">
  <testcase classname="com.ripplestreet.AllGetApis.ReviewSentimentAnalysisControllerGetApi" name="GetListOfReviewSentimentAnalysisForAllReviewsByEventId" time="1.759"/>
  <testcase classname="com.ripplestreet.AllGetApis.ReviewSentimentAnalysisControllerGetApi" name="GetReviewSentimentAnalysisByReviewId" time="2.652"/>
</testsuite> <!-- com.ripplestreet.AllGetApis.ReviewSentimentAnalysisControllerGetApi -->
