<?xml version="1.0" encoding="UTF-8"?>
<!-- Generated by org.testng.reporters.JUnitReportReporter -->
<testsuite hostname="LAPTOP-MC4R20CB" failures="0" tests="2" name="com.ripplestreet.AllPostApis.EventControllerPostApi" time="2.595" errors="0" timestamp="2023-09-06T12:36:21 IST" skipped="0">
  <testcase classname="com.ripplestreet.AllPostApis.EventControllerPostApi" name="getEventById" time="1.261"/>
  <testcase classname="com.ripplestreet.AllPostApis.EventControllerPostApi" name="creatEventSubscription" time="1.334"/>
</testsuite> <!-- com.ripplestreet.AllPostApis.EventControllerPostApi -->
