<?xml version="1.0" encoding="UTF-8"?>
<!-- Generated by org.testng.reporters.JUnitReportReporter -->
<testsuite hostname="LAPTOP-MC4R20CB" failures="0" tests="3" name="com.ripplestreet.AllGetApis.SurveyControllerGetApi" time="5.155" errors="0" timestamp="2023-08-09T18:29:28 IST" skipped="0">
  <testcase classname="com.ripplestreet.AllGetApis.SurveyControllerGetApi" name="getSurveyStatusByEventIdAndPid" time="1.706"/>
  <testcase classname="com.ripplestreet.AllGetApis.SurveyControllerGetApi" name="getAllLinksByEventId" time="1.717"/>
  <testcase classname="com.ripplestreet.AllGetApis.SurveyControllerGetApi" name="getSurveyListByEventIdAndPid" time="1.732"/>
</testsuite> <!-- com.ripplestreet.AllGetApis.SurveyControllerGetApi -->
