<?xml version="1.0" encoding="UTF-8"?>
<!-- Generated by org.testng.reporters.JUnitReportReporter -->
<testsuite hostname="LAPTOP-MC4R20CB" failures="0" tests="1" name="com.ripplestreet.AllGetApis.CommonServiceFeedControllerGeApi" time="2.787" errors="0" timestamp="2023-08-11T11:42:18 IST" skipped="0">
  <testcase classname="com.ripplestreet.AllGetApis.CommonServiceFeedControllerGeApi" name="getAllFeedsForEvents" time="2.787"/>
</testsuite> <!-- com.ripplestreet.AllGetApis.CommonServiceFeedControllerGeApi -->
