<?xml version="1.0" encoding="UTF-8"?>
<!-- Generated by org.testng.reporters.JUnitReportReporter -->
<testsuite hostname="LAPTOP-MC4R20CB" failures="0" tests="1" name="com.ripplestreet.AllGetApis.SocialShareControllerGetApi" time="2.126" errors="0" timestamp="2023-09-05T12:07:00 IST" skipped="0">
  <testcase classname="com.ripplestreet.AllGetApis.SocialShareControllerGetApi" name="getAllReviews" time="2.126"/>
</testsuite> <!-- com.ripplestreet.AllGetApis.SocialShareControllerGetApi -->
