<?xml version="1.0" encoding="UTF-8"?>
<!-- Generated by org.testng.reporters.JUnitReportReporter -->
<testsuite hostname="LAPTOP-MC4R20CB" failures="0" tests="1" name="com.ripplestreet.AllGetApis.ActivityGroupControllerGetApi" time="3.211" errors="0" timestamp="2023-09-14T11:24:55 IST" skipped="0">
  <testcase classname="com.ripplestreet.AllGetApis.ActivityGroupControllerGetApi" name="GetActivityGroupsByyEventId" time="3.211"/>
</testsuite> <!-- com.ripplestreet.AllGetApis.ActivityGroupControllerGetApi -->
