<?xml version="1.0" encoding="UTF-8"?>
<!-- Generated by org.testng.reporters.JUnitReportReporter -->
<testsuite hostname="LAPTOP-MC4R20CB" failures="0" tests="1" name="com.ripplestreet.AllGetApis.RecipientsController" time="2.675" errors="0" timestamp="2023-08-09T18:29:28 IST" skipped="0">
  <testcase classname="com.ripplestreet.AllGetApis.RecipientsController" name="GetAllRecipientForCampaignId" time="2.675"/>
</testsuite> <!-- com.ripplestreet.AllGetApis.RecipientsController -->
