<?xml version="1.0" encoding="UTF-8"?>
<!-- Generated by org.testng.reporters.JUnitReportReporter -->
<testsuite hostname="LAPTOP-MC4R20CB" failures="0" tests="1" name="com.ripplestreet.AllGetApis.jobControllerGetApi" time="1.759" errors="0" timestamp="2023-08-31T12:09:23 IST" skipped="0">
  <testcase classname="com.ripplestreet.AllGetApis.jobControllerGetApi" name="getAllJobByTypeAndId" time="1.759"/>
</testsuite> <!-- com.ripplestreet.AllGetApis.jobControllerGetApi -->
