<?xml version="1.0" encoding="UTF-8"?>
<!-- Generated by org.testng.reporters.JUnitReportReporter -->
<testsuite hostname="LAPTOP-MC4R20CB" failures="0" tests="6" name="com.ripplestreet.AllGetApis.RewardControllerGetApi" time="11.907" errors="0" timestamp="2023-09-06T14:11:49 IST" skipped="0">
  <testcase classname="com.ripplestreet.AllGetApis.RewardControllerGetApi" name="getRewardByName" time="1.797"/>
  <testcase classname="com.ripplestreet.AllGetApis.RewardControllerGetApi" name="getReward" time="1.810"/>
  <testcase classname="com.ripplestreet.AllGetApis.RewardControllerGetApi" name="getAllReward" time="1.774"/>
  <testcase classname="com.ripplestreet.AllGetApis.RewardControllerGetApi" name="searchItems" time="1.842"/>
  <testcase classname="com.ripplestreet.AllGetApis.RewardControllerGetApi" name="getRewardSummaryByEventId" time="2.886"/>
  <testcase classname="com.ripplestreet.AllGetApis.RewardControllerGetApi" name="getRewardCount" time="1.798"/>
</testsuite> <!-- com.ripplestreet.AllGetApis.RewardControllerGetApi -->
