<?xml version="1.0" encoding="UTF-8"?>
<!-- Generated by org.testng.reporters.JUnitReportReporter -->
<testsuite hostname="LAPTOP-MC4R20CB" failures="0" tests="2" name="com.ripplestreet.AllPostApis.AudiencepromationConytrollerPostApi" time="3.482" errors="0" timestamp="2023-07-26T15:45:51 IST" skipped="0">
  <testcase classname="com.ripplestreet.AllPostApis.AudiencepromationConytrollerPostApi" name="audienceAddPromoteFileProcess" time="1.842"/>
  <system-out/>
  <testcase classname="com.ripplestreet.AllPostApis.AudiencepromationConytrollerPostApi" name="addAndPromoteAudience" time="1.640"/>
  <system-out/>
</testsuite> <!-- com.ripplestreet.AllPostApis.AudiencepromationConytrollerPostApi -->
