<?xml version="1.0" encoding="UTF-8"?>
<!-- Generated by org.testng.reporters.JUnitReportReporter -->
<testsuite hostname="LAPTOP-MC4R20CB" failures="0" tests="3" name="com.ripplestreet.AllGetApis.ActivityGroupControllerGetApi" time="15.548" errors="0" timestamp="2023-09-07T16:18:34 IST" skipped="0">
  <testcase classname="com.ripplestreet.AllGetApis.ActivityGroupControllerGetApi" name="GetListofActivityGroups" time="2.550"/>
  <testcase classname="com.ripplestreet.AllGetApis.ActivityGroupControllerGetApi" name="GetActivityGroupsByyEventId" time="1.643"/>
  <testcase classname="com.ripplestreet.AllGetApis.ActivityGroupControllerGetApi" name="GetActivityGroup" time="11.355"/>
</testsuite> <!-- com.ripplestreet.AllGetApis.ActivityGroupControllerGetApi -->
