<?xml version="1.0" encoding="UTF-8"?>
<!-- Generated by org.testng.reporters.JUnitReportReporter -->
<testsuite hostname="LAPTOP-MC4R20CB" failures="0" tests="1" name="com.ripplestreet.AllPostApis.EventControllerPostApi" time="2.233" errors="0" timestamp="2023-09-05T11:55:48 IST" skipped="0">
  <testcase classname="com.ripplestreet.AllPostApis.EventControllerPostApi" name="getEventById" time="2.233"/>
</testsuite> <!-- com.ripplestreet.AllPostApis.EventControllerPostApi -->
