<?xml version="1.0" encoding="UTF-8"?>
<!-- Generated by org.testng.reporters.JUnitReportReporter -->
<testsuite hostname="LAPTOP-MC4R20CB" failures="0" tests="5" name="com.ripplestreet.AllGetApis.EventDetailControllerGetApi" time="5.977" errors="0" timestamp="2023-08-30T10:23:40 IST" skipped="0">
  <testcase classname="com.ripplestreet.AllGetApis.EventDetailControllerGetApi" name="getBasicEventDetailByEventID" time="1.232"/>
  <testcase classname="com.ripplestreet.AllGetApis.EventDetailControllerGetApi" name="findAllmileStonesByEvent" time="1.184"/>
  <testcase classname="com.ripplestreet.AllGetApis.EventDetailControllerGetApi" name="findMileStoneById" time="1.177"/>
  <testcase classname="com.ripplestreet.AllGetApis.EventDetailControllerGetApi" name="getListoftargetsByEventId" time="1.151"/>
  <testcase classname="com.ripplestreet.AllGetApis.EventDetailControllerGetApi" name="findAllMilestonesTypeByEventtypes" time="1.233"/>
</testsuite> <!-- com.ripplestreet.AllGetApis.EventDetailControllerGetApi -->
