<?xml version="1.0" encoding="UTF-8"?>
<!-- Generated by org.testng.reporters.JUnitReportReporter -->
<testsuite hostname="LAPTOP-MC4R20CB" failures="0" tests="1" name="com.ripplestreet.AllGetApis.IntrestesControllerGetApi" time="2.625" errors="0" timestamp="2023-08-31T15:47:16 IST" skipped="0">
  <testcase classname="com.ripplestreet.AllGetApis.IntrestesControllerGetApi" name="Allcategorieslist" time="2.625"/>
</testsuite> <!-- com.ripplestreet.AllGetApis.IntrestesControllerGetApi -->
