<?xml version="1.0" encoding="UTF-8"?>
<!-- Generated by org.testng.reporters.JUnitReportReporter -->
<testsuite hostname="LAPTOP-MC4R20CB" failures="0" tests="2" name="com.ripplestreet.FilterApis.EventControllerFiltersGetApi" time="43.354" errors="0" timestamp="2023-09-06T12:34:38 IST" skipped="0">
  <testcase classname="com.ripplestreet.FilterApis.EventControllerFiltersGetApi" name="geFilterdEvent" time="33.097"/>
  <testcase classname="com.ripplestreet.FilterApis.EventControllerFiltersGetApi" name="DiscoverEventFilters" time="10.257"/>
</testsuite> <!-- com.ripplestreet.FilterApis.EventControllerFiltersGetApi -->
