<?xml version="1.0" encoding="UTF-8"?>
<!-- Generated by org.testng.reporters.JUnitReportReporter -->
<testsuite hostname="LAPTOP-MC4R20CB" failures="0" tests="1" name="com.ripplestreet.FilterApis.RewardAllocationControllerFilterApi" time="42.833" errors="0" timestamp="2023-09-04T15:29:21 IST" skipped="0">
  <testcase classname="com.ripplestreet.FilterApis.RewardAllocationControllerFilterApi" name="getRewradAllocation" time="42.833"/>
</testsuite> <!-- com.ripplestreet.FilterApis.RewardAllocationControllerFilterApi -->
