<?xml version="1.0" encoding="UTF-8"?>
<!-- Generated by org.testng.reporters.JUnitReportReporter -->
<testsuite hostname="LAPTOP-MC4R20CB" failures="0" tests="5" name="com.ripplestreet.AllGetApis.SegmentationDataControllerGetApi" time="10.828" errors="0" timestamp="2023-09-06T12:26:52 IST" skipped="0">
  <testcase classname="com.ripplestreet.AllGetApis.SegmentationDataControllerGetApi" name="FindIfUserExistInGivenSegment" time="1.726"/>
  <testcase classname="com.ripplestreet.AllGetApis.SegmentationDataControllerGetApi" name="GetSegmentIdBySegmentName" time="1.943"/>
  <testcase classname="com.ripplestreet.AllGetApis.SegmentationDataControllerGetApi" name="GetSegmentsOfaUser" time="1.908"/>
  <testcase classname="com.ripplestreet.AllGetApis.SegmentationDataControllerGetApi" name="GetUsersOfaSegment" time="1.941"/>
  <testcase classname="com.ripplestreet.AllGetApis.SegmentationDataControllerGetApi" name="GetUserDetailsOfaSegment" time="3.310"/>
</testsuite> <!-- com.ripplestreet.AllGetApis.SegmentationDataControllerGetApi -->
