<?xml version="1.0" encoding="UTF-8"?>
<!-- Generated by org.testng.reporters.JUnitReportReporter -->
<testsuite hostname="LAPTOP-MC4R20CB" failures="0" tests="1" name="com.ripplestreet.AllGetApis.RewardsItemsControllerGetApi" time="2.837" errors="0" timestamp="2023-09-04T16:55:49 IST" skipped="0">
  <testcase classname="com.ripplestreet.AllGetApis.RewardsItemsControllerGetApi" name="getRewarditems" time="2.837"/>
</testsuite> <!-- com.ripplestreet.AllGetApis.RewardsItemsControllerGetApi -->
