<?xml version="1.0" encoding="UTF-8"?>
<!-- Generated by org.testng.reporters.JUnitReportReporter -->
<testsuite hostname="LAPTOP-MC4R20CB" failures="0" tests="2" name="com.ripplestreet.AllGetApis.storesControllerGetApi" time="4.298" errors="0" timestamp="2023-09-06T12:26:52 IST" skipped="0">
  <testcase classname="com.ripplestreet.AllGetApis.storesControllerGetApi" name="getAllStoreCollection" time="2.459"/>
  <testcase classname="com.ripplestreet.AllGetApis.storesControllerGetApi" name="getStoreListByCollectionName" time="1.839"/>
</testsuite> <!-- com.ripplestreet.AllGetApis.storesControllerGetApi -->
