<?xml version="1.0" encoding="UTF-8"?>
<!-- Generated by org.testng.reporters.JUnitReportReporter -->
<testsuite hostname="LAPTOP-MC4R20CB" failures="0" tests="1" name="com.ripplestreet.AllGetApis.ProductControllerGetApi" time="1.454" errors="0" timestamp="2023-09-06T17:15:19 IST" skipped="0">
  <testcase classname="com.ripplestreet.AllGetApis.ProductControllerGetApi" name="getListOfProdutsByEventID" time="1.454"/>
</testsuite> <!-- com.ripplestreet.AllGetApis.ProductControllerGetApi -->
