<?xml version="1.0" encoding="UTF-8"?>
<!-- Generated by org.testng.reporters.JUnitReportReporter -->
<testsuite hostname="LAPTOP-MC4R20CB" failures="0" tests="19" name="com.ripplestreet.AllGetApis.EventControllerGetApi" time="31.884" errors="0" timestamp="2023-09-07T15:38:32 IST" skipped="0">
  <testcase classname="com.ripplestreet.AllGetApis.EventControllerGetApi" name="getAllEvents" time="1.770"/>
  <testcase classname="com.ripplestreet.AllGetApis.EventControllerGetApi" name="getAllSpotLightEventDetail" time="1.789"/>
  <testcase classname="com.ripplestreet.AllGetApis.EventControllerGetApi" name="getStatus" time="1.531"/>
  <testcase classname="com.ripplestreet.AllGetApis.EventControllerGetApi" name="getEventDetailforWorkflow" time="1.893"/>
  <testcase classname="com.ripplestreet.AllGetApis.EventControllerGetApi" name="getAllCurrentMileStoneByEvent" time="1.574"/>
  <testcase classname="com.ripplestreet.AllGetApis.EventControllerGetApi" name="getAllMileStonesByEvent" time="1.709"/>
  <testcase classname="com.ripplestreet.AllGetApis.EventControllerGetApi" name="getAllProductByEvents" time="1.517"/>
  <testcase classname="com.ripplestreet.AllGetApis.EventControllerGetApi" name="getAllServices" time="1.636"/>
  <testcase classname="com.ripplestreet.AllGetApis.EventControllerGetApi" name="getAllSubscriptionsByEvent" time="1.667"/>
  <testcase classname="com.ripplestreet.AllGetApis.EventControllerGetApi" name="getAllSubscriptionsByServiceName" time="2.770"/>
  <testcase classname="com.ripplestreet.AllGetApis.EventControllerGetApi" name="getEventById" time="1.707"/>
  <testcase classname="com.ripplestreet.AllGetApis.EventControllerGetApi" name="getEventDetailBySlug" time="1.534"/>
  <testcase classname="com.ripplestreet.AllGetApis.EventControllerGetApi" name="getProductDetailEventIdAndProductId" time="1.463"/>
  <testcase classname="com.ripplestreet.AllGetApis.EventControllerGetApi" name="getpackAndApplicationCountByEventId" time="1.590"/>
  <testcase classname="com.ripplestreet.AllGetApis.EventControllerGetApi" name="getByEventName" time="1.561"/>
  <testcase classname="com.ripplestreet.AllGetApis.EventControllerGetApi" name="getCurrentMileStonesByEvent" time="1.692"/>
  <testcase classname="com.ripplestreet.AllGetApis.EventControllerGetApi" name="getEventDetailForWorkFlow" time="1.338"/>
  <testcase classname="com.ripplestreet.AllGetApis.EventControllerGetApi" name="getFilteredEvents" time="1.712"/>
  <testcase classname="com.ripplestreet.AllGetApis.EventControllerGetApi" name="getEventMileStoneByIdAndDate" time="1.431"/>
</testsuite> <!-- com.ripplestreet.AllGetApis.EventControllerGetApi -->
