<?xml version="1.0" encoding="UTF-8"?>
<!-- Generated by org.testng.reporters.JUnitReportReporter -->
<testsuite hostname="LAPTOP-MC4R20CB" failures="0" tests="4" name="com.ripplestreet.AllPutApis.EventControllerPutApi" time="7.997" errors="0" timestamp="2023-08-09T18:29:28 IST" skipped="0">
  <testcase classname="com.ripplestreet.AllPutApis.EventControllerPutApi" name="likeUnlikEvent" time="1.745"/>
  <testcase classname="com.ripplestreet.AllPutApis.EventControllerPutApi" name="updateComment" time="1.772"/>
  <testcase classname="com.ripplestreet.AllPutApis.EventControllerPutApi" name="updateEventPacksCount" time="1.742"/>
  <testcase classname="com.ripplestreet.AllPutApis.EventControllerPutApi" name="updateEventSubscriptions" time="2.738"/>
</testsuite> <!-- com.ripplestreet.AllPutApis.EventControllerPutApi -->
