<?xml version="1.0" encoding="UTF-8"?>
<!-- Generated by org.testng.reporters.JUnitReportReporter -->
<testsuite hostname="LAPTOP-MC4R20CB" failures="0" tests="1" name="com.ripplestreet.AllGetApis.IntrestesControllerGetApi" time="3.585" errors="0" timestamp="2023-08-11T15:00:33 IST" skipped="0">
  <testcase classname="com.ripplestreet.AllGetApis.IntrestesControllerGetApi" name="getUserInterestByPersonId" time="3.585"/>
</testsuite> <!-- com.ripplestreet.AllGetApis.IntrestesControllerGetApi -->
