<?xml version="1.0" encoding="UTF-8"?>
<!-- Generated by org.testng.reporters.JUnitReportReporter -->
<testsuite hostname="LAPTOP-MC4R20CB" failures="0" tests="3" name="com.ripplestreet.AllGetApis.OptInsControllerGetApi" time="5.176" errors="0" timestamp="2023-08-30T15:58:24 IST" skipped="0">
  <testcase classname="com.ripplestreet.AllGetApis.OptInsControllerGetApi" name="getListOptInByEventId" time="1.645"/>
  <testcase classname="com.ripplestreet.AllGetApis.OptInsControllerGetApi" name="GetRewardCountByEventIdAndPreferenceforPerson" time="2.192"/>
  <testcase classname="com.ripplestreet.AllGetApis.OptInsControllerGetApi" name="getOptInById" time="1.339"/>
</testsuite> <!-- com.ripplestreet.AllGetApis.OptInsControllerGetApi -->
