<?xml version="1.0" encoding="UTF-8"?>
<!-- Generated by org.testng.reporters.JUnitReportReporter -->
<testsuite hostname="LAPTOP-MC4R20CB" failures="0" tests="1" name="com.ripplestreet.AllPostApis.ReceiptControllerPostApi" time="5.271" errors="0" timestamp="2023-09-07T12:21:57 IST" skipped="0">
  <testcase classname="com.ripplestreet.AllPostApis.ReceiptControllerPostApi" name="ValidateReceipt" time="5.271"/>
</testsuite> <!-- com.ripplestreet.AllPostApis.ReceiptControllerPostApi -->
