<?xml version="1.0" encoding="UTF-8"?>
<!-- Generated by org.testng.reporters.JUnitReportReporter -->
<testsuite hostname="LAPTOP-MC4R20CB" failures="0" tests="1" name="com.ripplestreet.AllGetApis.ActivityControllerGetApi" time="1.896" errors="0" timestamp="2023-09-06T18:08:25 IST" skipped="0">
  <testcase classname="com.ripplestreet.AllGetApis.ActivityControllerGetApi" name="getListOfActivities" time="1.896"/>
</testsuite> <!-- com.ripplestreet.AllGetApis.ActivityControllerGetApi -->
