<?xml version="1.0" encoding="UTF-8"?>
<!-- Generated by org.testng.reporters.JUnitReportReporter -->
<testsuite hostname="LAPTOP-MC4R20CB" failures="0" tests="2" name="com.ripplestreet.AllPutApis.ReceiptControllerPutApi" time="4.170" errors="0" timestamp="2023-07-26T15:45:51 IST" skipped="0">
  <testcase classname="com.ripplestreet.AllPutApis.ReceiptControllerPutApi" name="UpdateReceiptDatarecorder" time="2.023"/>
  <system-out/>
  <testcase classname="com.ripplestreet.AllPutApis.ReceiptControllerPutApi" name="UpdateAreceiptRecord" time="2.147"/>
  <system-out/>
</testsuite> <!-- com.ripplestreet.AllPutApis.ReceiptControllerPutApi -->
