<?xml version="1.0" encoding="UTF-8"?>
<!-- Generated by org.testng.reporters.JUnitReportReporter -->
<testsuite hostname="LAPTOP-MC4R20CB" failures="0" tests="1" name="com.ripplestreet.AllPostApis.AchivementProgramControllerPostApi" time="2.740" errors="0" timestamp="2023-09-06T12:36:21 IST" skipped="0">
  <testcase classname="com.ripplestreet.AllPostApis.AchivementProgramControllerPostApi" name="createAchivementPrograme" time="2.740"/>
</testsuite> <!-- com.ripplestreet.AllPostApis.AchivementProgramControllerPostApi -->
