<?xml version="1.0" encoding="UTF-8"?>
<!-- Generated by org.testng.reporters.JUnitReportReporter -->
<testsuite hostname="LAPTOP-MC4R20CB" failures="0" tests="1" name="com.ripplestreet.FilterApis.ReceiptControllerFiltersGetApi" time="5.919" errors="0" timestamp="2023-09-04T16:15:11 IST" skipped="0">
  <testcase classname="com.ripplestreet.FilterApis.ReceiptControllerFiltersGetApi" name="getReceiptList" time="5.919"/>
</testsuite> <!-- com.ripplestreet.FilterApis.ReceiptControllerFiltersGetApi -->
