<?xml version="1.0" encoding="UTF-8"?>
<!-- Generated by org.testng.reporters.JUnitReportReporter -->
<testsuite hostname="LAPTOP-MC4R20CB" failures="0" tests="1" name="com.ripplestreet.AllGetApis.RewardCatalogControllerGetAPi" time="4.148" errors="0" timestamp="2023-08-31T10:52:17 IST" skipped="0">
  <testcase classname="com.ripplestreet.AllGetApis.RewardCatalogControllerGetAPi" name="getAllRewardCatalogItems" time="4.148"/>
</testsuite> <!-- com.ripplestreet.AllGetApis.RewardCatalogControllerGetAPi -->
