<?xml version="1.0" encoding="UTF-8"?>
<!-- Generated by org.testng.reporters.JUnitReportReporter -->
<testsuite hostname="LAPTOP-MC4R20CB" failures="0" tests="1" name="com.ripplestreet.AllGetApis.PartyControllerGetApi" time="2.693" errors="0" timestamp="2023-08-11T12:50:38 IST" skipped="0">
  <testcase classname="com.ripplestreet.AllGetApis.PartyControllerGetApi" name="getlistofparties" time="2.693"/>
</testsuite> <!-- com.ripplestreet.AllGetApis.PartyControllerGetApi -->
