<?xml version="1.0" encoding="UTF-8"?>
<!-- Generated by org.testng.reporters.JUnitReportReporter -->
<testsuite hostname="LAPTOP-MC4R20CB" failures="0" tests="5" name="com.ripplestreet.AllGetApis.SegmentationDataControllerGetApi" time="8.883" errors="0" timestamp="2023-09-07T16:18:34 IST" skipped="0">
  <testcase classname="com.ripplestreet.AllGetApis.SegmentationDataControllerGetApi" name="FindIfUserExistInGivenSegment" time="2.576"/>
  <testcase classname="com.ripplestreet.AllGetApis.SegmentationDataControllerGetApi" name="GetSegmentIdBySegmentName" time="1.648"/>
  <testcase classname="com.ripplestreet.AllGetApis.SegmentationDataControllerGetApi" name="GetSegmentsOfaUser" time="1.513"/>
  <testcase classname="com.ripplestreet.AllGetApis.SegmentationDataControllerGetApi" name="GetUsersOfaSegment" time="1.465"/>
  <testcase classname="com.ripplestreet.AllGetApis.SegmentationDataControllerGetApi" name="GetUserDetailsOfaSegment" time="1.681"/>
</testsuite> <!-- com.ripplestreet.AllGetApis.SegmentationDataControllerGetApi -->
