<?xml version="1.0" encoding="UTF-8"?>
<!-- Generated by org.testng.reporters.JUnitReportReporter -->
<testsuite hostname="LAPTOP-MC4R20CB" failures="0" tests="2" name="com.ripplestreet.AllGetApis.AgencyControllerGetApi" time="4.930" errors="0" timestamp="2023-09-04T16:28:59 IST" skipped="0">
  <testcase classname="com.ripplestreet.AllGetApis.AgencyControllerGetApi" name="findAllAgencies" time="1.900"/>
  <testcase classname="com.ripplestreet.AllGetApis.AgencyControllerGetApi" name="getAgencyById" time="3.030"/>
</testsuite> <!-- com.ripplestreet.AllGetApis.AgencyControllerGetApi -->
