<?xml version="1.0" encoding="UTF-8"?>
<!-- Generated by org.testng.reporters.JUnitReportReporter -->
<testsuite hostname="LAPTOP-MC4R20CB" failures="0" tests="1" name="com.ripplestreet.AllGetApis.AchievementProgramControllerGetApi" time="3.278" errors="0" timestamp="2023-09-05T17:44:56 IST" skipped="0">
  <testcase classname="com.ripplestreet.AllGetApis.AchievementProgramControllerGetApi" name="GetListOfAchievementProgramsforAchievementId" time="3.278"/>
</testsuite> <!-- com.ripplestreet.AllGetApis.AchievementProgramControllerGetApi -->
