<?xml version="1.0" encoding="UTF-8"?>
<!-- Generated by org.testng.reporters.JUnitReportReporter -->
<testsuite hostname="LAPTOP-MC4R20CB" failures="0" tests="1" name="com.ripplestreet.AllPutApis.DiscussionControllerPutApi" time="2.409" errors="0" timestamp="2023-08-31T12:29:44 IST" skipped="0">
  <testcase classname="com.ripplestreet.AllPutApis.DiscussionControllerPutApi" name="updateAdminDiscussion" time="2.409"/>
</testsuite> <!-- com.ripplestreet.AllPutApis.DiscussionControllerPutApi -->
