<?xml version="1.0" encoding="UTF-8"?>
<!-- Generated by org.testng.reporters.JUnitReportReporter -->
<testsuite hostname="LAPTOP-MC4R20CB" failures="0" tests="1" name="com.ripplestreet.AllGetApis.RewardPreferencesControllerGetApi" time="2.196" errors="0" timestamp="2023-08-31T11:28:25 IST" skipped="0">
  <testcase classname="com.ripplestreet.AllGetApis.RewardPreferencesControllerGetApi" name="getRewardPreferences" time="2.196"/>
</testsuite> <!-- com.ripplestreet.AllGetApis.RewardPreferencesControllerGetApi -->
