<?xml version="1.0" encoding="UTF-8"?>
<!-- Generated by org.testng.reporters.JUnitReportReporter -->
<testsuite hostname="LAPTOP-MC4R20CB" failures="0" tests="3" name="com.ripplestreet.AllGetApis.OptInsControllerGetApi" time="4.961" errors="0" timestamp="2023-09-06T17:32:06 IST" skipped="0">
  <testcase classname="com.ripplestreet.AllGetApis.OptInsControllerGetApi" name="getListOptInByEventId" time="1.604"/>
  <testcase classname="com.ripplestreet.AllGetApis.OptInsControllerGetApi" name="GetRewardCountByEventIdAndPreferenceforPerson" time="2.055"/>
  <testcase classname="com.ripplestreet.AllGetApis.OptInsControllerGetApi" name="getOptInById" time="1.302"/>
</testsuite> <!-- com.ripplestreet.AllGetApis.OptInsControllerGetApi -->
