<?xml version="1.0" encoding="UTF-8"?>
<!-- Generated by org.testng.reporters.JUnitReportReporter -->
<testsuite hostname="LAPTOP-MC4R20CB" failures="0" tests="2" name="com.ripplestreet.AllGetApis.gameOptionControllerGetApi" time="3.093" errors="0" timestamp="2023-09-07T16:18:34 IST" skipped="0">
  <testcase classname="com.ripplestreet.AllGetApis.gameOptionControllerGetApi" name="getGameOptionBySlug" time="1.648"/>
  <testcase classname="com.ripplestreet.AllGetApis.gameOptionControllerGetApi" name="getListOfOptionsByGameId" time="1.445"/>
</testsuite> <!-- com.ripplestreet.AllGetApis.gameOptionControllerGetApi -->
