<?xml version="1.0" encoding="UTF-8"?>
<!-- Generated by org.testng.reporters.JUnitReportReporter -->
<testsuite hostname="LAPTOP-MC4R20CB" failures="0" tests="2" name="com.ripplestreet.AllPostApis.UserfamilyControllerPostApi" time="2.522" errors="0" timestamp="2023-09-06T12:36:21 IST" skipped="0">
  <testcase classname="com.ripplestreet.AllPostApis.UserfamilyControllerPostApi" name="saveUserPets" time="1.190"/>
  <testcase classname="com.ripplestreet.AllPostApis.UserfamilyControllerPostApi" name="saveUserChildren" time="1.332"/>
</testsuite> <!-- com.ripplestreet.AllPostApis.UserfamilyControllerPostApi -->
