<?xml version="1.0" encoding="UTF-8"?>
<!-- Generated by org.testng.reporters.JUnitReportReporter -->
<testsuite hostname="LAPTOP-MC4R20CB" failures="0" tests="2" name="com.ripplestreet.AllGetApis.RewardAllocationcontrollerGetApi" time="4.040" errors="0" timestamp="2023-08-10T10:51:42 IST" skipped="0">
  <testcase classname="com.ripplestreet.AllGetApis.RewardAllocationcontrollerGetApi" name="getRewardAllocations" time="2.451"/>
  <testcase classname="com.ripplestreet.AllGetApis.RewardAllocationcontrollerGetApi" name="getRewardAllocation" time="1.589"/>
</testsuite> <!-- com.ripplestreet.AllGetApis.RewardAllocationcontrollerGetApi -->
