<?xml version="1.0" encoding="UTF-8"?>
<!-- Generated by org.testng.reporters.JUnitReportReporter -->
<testsuite hostname="LAPTOP-MC4R20CB" failures="0" tests="2" name="com.ripplestreet.FilterApis.CommunityServiceFiltersgetApi" time="23.010" errors="0" timestamp="2023-07-26T15:45:51 IST" skipped="0">
  <testcase classname="com.ripplestreet.FilterApis.CommunityServiceFiltersgetApi" name="getAllAdressEntriesByPersonId" time="11.642"/>
  <system-out/>
  <testcase classname="com.ripplestreet.FilterApis.CommunityServiceFiltersgetApi" name="getAllUsersByEventAndParticipantType" time="11.368"/>
  <system-out/>
</testsuite> <!-- com.ripplestreet.FilterApis.CommunityServiceFiltersgetApi -->
