<?xml version="1.0" encoding="UTF-8"?>
<!-- Generated by org.testng.reporters.JUnitReportReporter -->
<testsuite hostname="LAPTOP-MC4R20CB" failures="0" tests="1" name="com.ripplestreet.AllPostApis.AudiencepromationControllerPostApi" time="2.739" errors="0" timestamp="2023-09-04T16:19:56 IST" skipped="0">
  <testcase classname="com.ripplestreet.AllPostApis.AudiencepromationControllerPostApi" name="handleRejects" time="2.739"/>
</testsuite> <!-- com.ripplestreet.AllPostApis.AudiencepromationControllerPostApi -->
