<?xml version="1.0" encoding="UTF-8"?>
<!-- Generated by org.testng.reporters.JUnitReportReporter -->
<testsuite hostname="LAPTOP-MC4R20CB" failures="0" tests="1" name="com.ripplestreet.AllGetApis.PartyControllerGetApi" time="1.209" errors="0" timestamp="2023-08-30T10:23:40 IST" skipped="0">
  <testcase classname="com.ripplestreet.AllGetApis.PartyControllerGetApi" name="getlistofparties" time="1.209"/>
</testsuite> <!-- com.ripplestreet.AllGetApis.PartyControllerGetApi -->
