<?xml version="1.0" encoding="UTF-8"?>
<!-- Generated by org.testng.reporters.JUnitReportReporter -->
<testsuite hostname="LAPTOP-MC4R20CB" failures="0" tests="2" name="com.ripplestreet.AllPostApis.CommunityExportControllerPostApi" time="3.910" errors="0" timestamp="2023-09-06T12:36:21 IST" skipped="0">
  <testcase classname="com.ripplestreet.AllPostApis.CommunityExportControllerPostApi" name="communityExport" time="1.784"/>
  <testcase classname="com.ripplestreet.AllPostApis.CommunityExportControllerPostApi" name="AudienceExport" time="2.126"/>
</testsuite> <!-- com.ripplestreet.AllPostApis.CommunityExportControllerPostApi -->
