<?xml version="1.0" encoding="UTF-8"?>
<!-- Generated by org.testng.reporters.JUnitReportReporter -->
<testsuite hostname="LAPTOP-MC4R20CB" failures="0" tests="3" name="com.ripplestreet.AllPostApis.AudienceControllerPostApi" time="7.019" errors="0" timestamp="2023-09-06T18:17:27 IST" skipped="0">
  <testcase classname="com.ripplestreet.AllPostApis.AudienceControllerPostApi" name="getparticipantList" time="1.865"/>
  <testcase classname="com.ripplestreet.AllPostApis.AudienceControllerPostApi" name="exportUserList" time="3.220"/>
  <testcase classname="com.ripplestreet.AllPostApis.AudienceControllerPostApi" name="getParticipantListForExport" time="1.934"/>
</testsuite> <!-- com.ripplestreet.AllPostApis.AudienceControllerPostApi -->
