<?xml version="1.0" encoding="UTF-8"?>
<!-- Generated by org.testng.reporters.JUnitReportReporter -->
<testsuite hostname="LAPTOP-MC4R20CB" failures="0" tests="1" name="com.ripplestreet.FilterApis.SearchControllerFiltersGetApi" time="16.421" errors="0" timestamp="2023-09-04T16:44:04 IST" skipped="0">
  <testcase classname="com.ripplestreet.FilterApis.SearchControllerFiltersGetApi" name="getSearchByEntity" time="16.421"/>
</testsuite> <!-- com.ripplestreet.FilterApis.SearchControllerFiltersGetApi -->
