<?xml version="1.0" encoding="UTF-8"?>
<!-- Generated by org.testng.reporters.JUnitReportReporter -->
<testsuite hostname="LAPTOP-MC4R20CB" failures="0" tests="1" name="com.ripplestreet.AllGetApis.RewardPreferencesControllerGetApi" time="2.170" errors="0" timestamp="2023-09-07T17:05:03 IST" skipped="0">
  <testcase classname="com.ripplestreet.AllGetApis.RewardPreferencesControllerGetApi" name="getRewardPreferences" time="2.170"/>
</testsuite> <!-- com.ripplestreet.AllGetApis.RewardPreferencesControllerGetApi -->
