<?xml version="1.0" encoding="UTF-8"?>
<!-- Generated by org.testng.reporters.JUnitReportReporter -->
<testsuite hostname="LAPTOP-MC4R20CB" failures="0" tests="1" name="com.ripplestreet.AllGetApis.CommonServiceFeedControllerGeApi" time="1.912" errors="0" timestamp="2023-07-17T11:16:10 IST" skipped="0">
  <testcase classname="com.ripplestreet.AllGetApis.CommonServiceFeedControllerGeApi" name="getAllFeedsForEvents" time="1.912"/>
  <system-out/>
</testsuite> <!-- com.ripplestreet.AllGetApis.CommonServiceFeedControllerGeApi -->
