<?xml version="1.0" encoding="UTF-8"?>
<!-- Generated by org.testng.reporters.JUnitReportReporter -->
<testsuite hostname="LAPTOP-MC4R20CB" failures="0" tests="1" name="com.ripplestreet.FilterApis.SponsorControlletFiltersGetApi" time="8.705" errors="0" timestamp="2023-09-04T15:35:13 IST" skipped="0">
  <testcase classname="com.ripplestreet.FilterApis.SponsorControlletFiltersGetApi" name="getAllSponsors" time="8.705"/>
</testsuite> <!-- com.ripplestreet.FilterApis.SponsorControlletFiltersGetApi -->
