<?xml version="1.0" encoding="UTF-8"?>
<!-- Generated by org.testng.reporters.JUnitReportReporter -->
<testsuite hostname="LAPTOP-MC4R20CB" failures="0" tests="1" name="com.ripplestreet.AllPostApis.SegmentExportControllerPostApi" time="2.269" errors="0" timestamp="2023-09-06T12:36:21 IST" skipped="0">
  <testcase classname="com.ripplestreet.AllPostApis.SegmentExportControllerPostApi" name="segmentExport" time="2.269"/>
</testsuite> <!-- com.ripplestreet.AllPostApis.SegmentExportControllerPostApi -->
