<?xml version="1.0" encoding="UTF-8"?>
<!-- Generated by org.testng.reporters.JUnitReportReporter -->
<testsuite hostname="LAPTOP-MC4R20CB" failures="0" tests="1" name="com.ripplestreet.AllGetApis.ReservationControllerGetApi" time="1.263" errors="0" timestamp="2023-08-30T10:23:40 IST" skipped="0">
  <testcase classname="com.ripplestreet.AllGetApis.ReservationControllerGetApi" name="GetUserStatusCountbyEventId" time="1.263"/>
</testsuite> <!-- com.ripplestreet.AllGetApis.ReservationControllerGetApi -->
