<?xml version="1.0" encoding="UTF-8"?>
<!-- Generated by org.testng.reporters.JUnitReportReporter -->
<testsuite hostname="LAPTOP-MC4R20CB" failures="0" tests="2" name="com.ripplestreet.AllPutApis.SegmentationDefinitionVersion2ControllerPutApi" time="3.495" errors="0" timestamp="2023-08-09T18:29:28 IST" skipped="0">
  <testcase classname="com.ripplestreet.AllPutApis.SegmentationDefinitionVersion2ControllerPutApi" name="UpdateASegment" time="1.757"/>
  <testcase classname="com.ripplestreet.AllPutApis.SegmentationDefinitionVersion2ControllerPutApi" name="refreshUserCountBySgment" time="1.738"/>
</testsuite> <!-- com.ripplestreet.AllPutApis.SegmentationDefinitionVersion2ControllerPutApi -->
