<?xml version="1.0" encoding="UTF-8"?>
<!-- Generated by org.testng.reporters.JUnitReportReporter -->
<testsuite hostname="LAPTOP-MC4R20CB" failures="0" tests="1" name="com.ripplestreet.AllPostApis.ReviewControllerPostApi" time="3.141" errors="0" timestamp="2023-09-05T10:09:10 IST" skipped="0">
  <testcase classname="com.ripplestreet.AllPostApis.ReviewControllerPostApi" name="getReviewListByFilter" time="3.141"/>
</testsuite> <!-- com.ripplestreet.AllPostApis.ReviewControllerPostApi -->
