<?xml version="1.0" encoding="UTF-8"?>
<!-- Generated by org.testng.reporters.JUnitReportReporter -->
<testsuite hostname="LAPTOP-MC4R20CB" failures="0" tests="3" name="com.ripplestreet.AllGetApis.SegmentationDefinitionControllerVersion2" time="4.587" errors="0" timestamp="2023-07-17T11:16:10 IST" skipped="0">
  <testcase classname="com.ripplestreet.AllGetApis.SegmentationDefinitionControllerVersion2" name="getGetSegmentDefinitionByFolderIdAndSegmentId" time="1.640"/>
  <system-out/>
  <testcase classname="com.ripplestreet.AllGetApis.SegmentationDefinitionControllerVersion2" name="getAllSegments" time="1.536"/>
  <system-out/>
  <testcase classname="com.ripplestreet.AllGetApis.SegmentationDefinitionControllerVersion2" name="getSegmentDefinitionById" time="1.411"/>
  <system-out/>
</testsuite> <!-- com.ripplestreet.AllGetApis.SegmentationDefinitionControllerVersion2 -->
