<?xml version="1.0" encoding="UTF-8"?>
<!-- Generated by org.testng.reporters.JUnitReportReporter -->
<testsuite hostname="LAPTOP-MC4R20CB" failures="0" tests="1" name="com.ripplestreet.AllPostApis.EventFeedControllerPostApi" time="2.235" errors="0" timestamp="2023-09-05T11:56:47 IST" skipped="0">
  <testcase classname="com.ripplestreet.AllPostApis.EventFeedControllerPostApi" name="getFeedComments" time="2.235"/>
</testsuite> <!-- com.ripplestreet.AllPostApis.EventFeedControllerPostApi -->
