<?xml version="1.0" encoding="UTF-8"?>
<!-- Generated by org.testng.reporters.JUnitReportReporter -->
<testsuite hostname="LAPTOP-MC4R20CB" failures="0" tests="6" name="com.ripplestreet.AllGetApis.RewardControllerGetApi" time="10.520" errors="0" timestamp="2023-07-17T11:16:10 IST" skipped="0">
  <testcase classname="com.ripplestreet.AllGetApis.RewardControllerGetApi" name="getRewardByName" time="1.627"/>
  <system-out/>
  <testcase classname="com.ripplestreet.AllGetApis.RewardControllerGetApi" name="getReward" time="1.636"/>
  <system-out/>
  <testcase classname="com.ripplestreet.AllGetApis.RewardControllerGetApi" name="getAllReward" time="2.677"/>
  <system-out/>
  <testcase classname="com.ripplestreet.AllGetApis.RewardControllerGetApi" name="searchItems" time="1.568"/>
  <system-out/>
  <testcase classname="com.ripplestreet.AllGetApis.RewardControllerGetApi" name="getRewardSummaryByEventId" time="1.603"/>
  <system-out/>
  <testcase classname="com.ripplestreet.AllGetApis.RewardControllerGetApi" name="getRewardCount" time="1.409"/>
  <system-out/>
</testsuite> <!-- com.ripplestreet.AllGetApis.RewardControllerGetApi -->
