<?xml version="1.0" encoding="UTF-8"?>
<!-- Generated by org.testng.reporters.JUnitReportReporter -->
<testsuite hostname="LAPTOP-MC4R20CB" failures="0" tests="3" name="com.ripplestreet.AllGetApis.SegmentationDefinitionControllerVersion2" time="4.680" errors="0" timestamp="2023-09-07T16:18:34 IST" skipped="0">
  <testcase classname="com.ripplestreet.AllGetApis.SegmentationDefinitionControllerVersion2" name="getGetSegmentDefinitionByFolderIdAndSegmentId" time="1.557"/>
  <testcase classname="com.ripplestreet.AllGetApis.SegmentationDefinitionControllerVersion2" name="getAllSegments" time="1.645"/>
  <testcase classname="com.ripplestreet.AllGetApis.SegmentationDefinitionControllerVersion2" name="getSegmentDefinitionById" time="1.478"/>
</testsuite> <!-- com.ripplestreet.AllGetApis.SegmentationDefinitionControllerVersion2 -->
