<?xml version="1.0" encoding="UTF-8"?>
<!-- Generated by org.testng.reporters.JUnitReportReporter -->
<testsuite hostname="LAPTOP-MC4R20CB" failures="0" tests="8" name="com.ripplestreet.AllGetApis.CreativeControllerGetApi" time="12.212" errors="0" timestamp="2023-09-07T10:05:44 IST" skipped="0">
  <testcase classname="com.ripplestreet.AllGetApis.CreativeControllerGetApi" name="findHeroPlaylistById" time="1.459"/>
  <testcase classname="com.ripplestreet.AllGetApis.CreativeControllerGetApi" name="findAllHeroPlaylistByModelId" time="1.547"/>
  <testcase classname="com.ripplestreet.AllGetApis.CreativeControllerGetApi" name="getBannerByEventIdandId" time="1.409"/>
  <testcase classname="com.ripplestreet.AllGetApis.CreativeControllerGetApi" name="getFavorByEventIdAndId" time="1.565"/>
  <testcase classname="com.ripplestreet.AllGetApis.CreativeControllerGetApi" name="finAllBannerByEventId" time="1.383"/>
  <testcase classname="com.ripplestreet.AllGetApis.CreativeControllerGetApi" name="FinfAllfavousByEventId" time="2.107"/>
  <testcase classname="com.ripplestreet.AllGetApis.CreativeControllerGetApi" name="FindHeroplaylistitemById" time="1.387"/>
  <testcase classname="com.ripplestreet.AllGetApis.CreativeControllerGetApi" name="findAllHeroPlaylistItemsByPlayListId" time="1.355"/>
</testsuite> <!-- com.ripplestreet.AllGetApis.CreativeControllerGetApi -->
