<?xml version="1.0" encoding="UTF-8"?>
<!-- Generated by org.testng.reporters.JUnitReportReporter -->
<testsuite hostname="LAPTOP-MC4R20CB" failures="0" tests="3" name="com.ripplestreet.AllGetApis.AchievementProgramControllerGetApi" time="3.691" errors="0" timestamp="2023-08-30T10:23:40 IST" skipped="0">
  <testcase classname="com.ripplestreet.AllGetApis.AchievementProgramControllerGetApi" name="GetListofAchievementPrograms" time="1.258"/>
  <testcase classname="com.ripplestreet.AllGetApis.AchievementProgramControllerGetApi" name="GetListOfAchievementProgramsforAchievementId" time="1.209"/>
  <testcase classname="com.ripplestreet.AllGetApis.AchievementProgramControllerGetApi" name="GetAchievementProgram" time="1.224"/>
</testsuite> <!-- com.ripplestreet.AllGetApis.AchievementProgramControllerGetApi -->
