<?xml version="1.0" encoding="UTF-8"?>
<!-- Generated by org.testng.reporters.JUnitReportReporter -->
<testsuite hostname="LAPTOP-MC4R20CB" failures="0" tests="1" name="com.ripplestreet.AllGetApis.LegalControllerGetApi" time="2.321" errors="0" timestamp="2023-09-07T10:23:05 IST" skipped="0">
  <testcase classname="com.ripplestreet.AllGetApis.LegalControllerGetApi" name="getLegalDesclaimer" time="2.321"/>
</testsuite> <!-- com.ripplestreet.AllGetApis.LegalControllerGetApi -->
