<?xml version="1.0" encoding="UTF-8"?>
<!-- Generated by org.testng.reporters.JUnitReportReporter -->
<testsuite hostname="LAPTOP-MC4R20CB" failures="0" tests="3" name="com.ripplestreet.AllGetApis.ActivityGroupControllerGetApi" time="8.051" errors="0" timestamp="2023-09-13T10:11:03 IST" skipped="0">
  <testcase classname="com.ripplestreet.AllGetApis.ActivityGroupControllerGetApi" name="GetListofActivityGroups" time="4.463"/>
  <testcase classname="com.ripplestreet.AllGetApis.ActivityGroupControllerGetApi" name="GetActivityGroupsByyEventId" time="1.615"/>
  <testcase classname="com.ripplestreet.AllGetApis.ActivityGroupControllerGetApi" name="GetActivityGroup" time="1.973"/>
</testsuite> <!-- com.ripplestreet.AllGetApis.ActivityGroupControllerGetApi -->
