<?xml version="1.0" encoding="UTF-8"?>
<!-- Generated by org.testng.reporters.JUnitReportReporter -->
<testsuite hostname="LAPTOP-MC4R20CB" failures="0" tests="1" name="com.ripplestreet.AllGetApis.GameControllerGetApi" time="1.703" errors="0" timestamp="2023-09-04T16:14:15 IST" skipped="0">
  <testcase classname="com.ripplestreet.AllGetApis.GameControllerGetApi" name="getAllgames" time="1.703"/>
</testsuite> <!-- com.ripplestreet.AllGetApis.GameControllerGetApi -->
