<?xml version="1.0" encoding="UTF-8"?>
<!-- Generated by org.testng.reporters.JUnitReportReporter -->
<testsuite hostname="LAPTOP-MC4R20CB" failures="0" tests="1" name="com.ripplestreet.AllGetApis.TremendouesControllerGetApi" time="3.132" errors="0" timestamp="2023-09-04T16:57:18 IST" skipped="0">
  <testcase classname="com.ripplestreet.AllGetApis.TremendouesControllerGetApi" name="getTremendousCampaigns" time="3.132"/>
</testsuite> <!-- com.ripplestreet.AllGetApis.TremendouesControllerGetApi -->
