<?xml version="1.0" encoding="UTF-8"?>
<!-- Generated by org.testng.reporters.JUnitReportReporter -->
<testsuite hostname="LAPTOP-MC4R20CB" failures="0" tests="2" name="com.ripplestreet.AllGetApis.ProductControllerGetApi" time="3.703" errors="0" timestamp="2023-07-26T15:45:51 IST" skipped="0">
  <testcase classname="com.ripplestreet.AllGetApis.ProductControllerGetApi" name="getListOfProdutsByEventID" time="1.729"/>
  <system-out/>
  <testcase classname="com.ripplestreet.AllGetApis.ProductControllerGetApi" name="getProductsById" time="1.974"/>
  <system-out/>
</testsuite> <!-- com.ripplestreet.AllGetApis.ProductControllerGetApi -->
