<?xml version="1.0" encoding="UTF-8"?>
<!-- Generated by org.testng.reporters.JUnitReportReporter -->
<testsuite hostname="LAPTOP-MC4R20CB" failures="0" tests="2" name="com.ripplestreet.FilterApis.EventControllerFiltersGetApi" time="18.037" errors="0" timestamp="2023-07-20T17:45:42 IST" skipped="0">
  <testcase classname="com.ripplestreet.FilterApis.EventControllerFiltersGetApi" name="geFilterdEvent" time="7.168"/>
  <system-out/>
  <testcase classname="com.ripplestreet.FilterApis.EventControllerFiltersGetApi" name="DiscoverEventFilters" time="10.869"/>
  <system-out/>
</testsuite> <!-- com.ripplestreet.FilterApis.EventControllerFiltersGetApi -->
