<?xml version="1.0" encoding="UTF-8"?>
<!-- Generated by org.testng.reporters.JUnitReportReporter -->
<testsuite hostname="LAPTOP-MC4R20CB" failures="0" tests="1" name="com.ripplestreet.AllGetApis.TriggerControllerGetApi" time="6.195" errors="0" timestamp="2023-09-06T13:08:33 IST" skipped="0">
  <testcase classname="com.ripplestreet.AllGetApis.TriggerControllerGetApi" name="GetAllTriggers" time="6.195"/>
</testsuite> <!-- com.ripplestreet.AllGetApis.TriggerControllerGetApi -->
