<?xml version="1.0" encoding="UTF-8"?>
<!-- Generated by org.testng.reporters.JUnitReportReporter -->
<testsuite hostname="LAPTOP-MC4R20CB" failures="0" tests="3" name="com.ripplestreet.AllGetApis.ActivityControllerGetApi" time="1.898" errors="1" timestamp="2023-07-17T11:16:10 IST" skipped="1">
  <testcase classname="com.ripplestreet.AllGetApis.ActivityControllerGetApi" name="StatusCode" time="0.372">
    <error message="The maximum length of cell contents (text) is 32767 characters" type="java.lang.IllegalArgumentException">
      <![CDATA[java.lang.IllegalArgumentException: The maximum length of cell contents (text) is 32767 characters
at org.apache.poi.ss.usermodel.CellBase.checkLength(CellBase.java:292)
at org.apache.poi.ss.usermodel.CellBase.setCellValue(CellBase.java:273)
at com.ripplestreet.genricUtilities.genricUtilities.StatusCode(genricUtilities.java:170)
at jdk.internal.reflect.GeneratedMethodAccessor115.invoke(Unknown Source)
at java.base/jdk.internal.reflect.DelegatingMethodAccessorImpl.invoke(DelegatingMethodAccessorImpl.java:43)
at java.base/java.lang.reflect.Method.invoke(Method.java:568)
at org.testng.internal.invokers.MethodInvocationHelper.invokeMethod(MethodInvocationHelper.java:139)
at org.testng.internal.invokers.MethodInvocationHelper.invokeMethodConsideringTimeout(MethodInvocationHelper.java:69)
at org.testng.internal.invokers.ConfigInvoker.invokeConfigurationMethod(ConfigInvoker.java:361)
at org.testng.internal.invokers.ConfigInvoker.invokeConfigurations(ConfigInvoker.java:296)
at org.testng.internal.invokers.TestInvoker.runConfigMethods(TestInvoker.java:823)
at org.testng.internal.invokers.TestInvoker.runAfterConfigurations(TestInvoker.java:792)
at org.testng.internal.invokers.TestInvoker.invokeMethod(TestInvoker.java:768)
at org.testng.internal.invokers.TestInvoker.invokeTestMethod(TestInvoker.java:221)
at org.testng.internal.invokers.MethodRunner.runInSequence(MethodRunner.java:50)
at org.testng.internal.invokers.TestInvoker$MethodInvocationAgent.invoke(TestInvoker.java:969)
at org.testng.internal.invokers.TestInvoker.invokeTestMethods(TestInvoker.java:194)
at org.testng.internal.invokers.TestMethodWorker.invokeTestMethods(TestMethodWorker.java:148)
at org.testng.internal.invokers.TestMethodWorker.run(TestMethodWorker.java:128)
at java.base/java.util.ArrayList.forEach(ArrayList.java:1511)
at org.testng.TestRunner.privateRun(TestRunner.java:829)
at org.testng.TestRunner.run(TestRunner.java:602)
at org.testng.SuiteRunner.runTest(SuiteRunner.java:437)
at org.testng.SuiteRunner$SuiteWorker.run(SuiteRunner.java:475)
at org.testng.internal.thread.ThreadUtil.lambda$execute$0(ThreadUtil.java:58)
at java.base/java.util.concurrent.FutureTask.run(FutureTask.java:264)
at java.base/java.util.concurrent.ThreadPoolExecutor.runWorker(ThreadPoolExecutor.java:1136)
at java.base/java.util.concurrent.ThreadPoolExecutor$Worker.run(ThreadPoolExecutor.java:635)
at java.base/java.lang.Thread.run(Thread.java:833)
]]>
    </error>
  </testcase> <!-- StatusCode -->
  <system-out/>
  <testcase classname="com.ripplestreet.AllGetApis.ActivityControllerGetApi" name="getListOfActivities" time="1.526"/>
  <system-out/>
  <testcase classname="com.ripplestreet.AllGetApis.ActivityControllerGetApi" name="getActivity" time="0.000">
    <skipped/>
  </testcase> <!-- getActivity -->
  <system-out/>
</testsuite> <!-- com.ripplestreet.AllGetApis.ActivityControllerGetApi -->
