<?xml version="1.0" encoding="UTF-8"?>
<!-- Generated by org.testng.reporters.JUnitReportReporter -->
<testsuite hostname="LAPTOP-MC4R20CB" failures="0" tests="1" name="com.ripplestreet.AllPutApis.optInsControllerPutApi" time="2.664" errors="0" timestamp="2023-09-04T16:47:26 IST" skipped="0">
  <testcase classname="com.ripplestreet.AllPutApis.optInsControllerPutApi" name="UpdateOtpIn" time="2.664"/>
</testsuite> <!-- com.ripplestreet.AllPutApis.optInsControllerPutApi -->
