<?xml version="1.0" encoding="UTF-8"?>
<!-- Generated by org.testng.reporters.JUnitReportReporter -->
<testsuite hostname="LAPTOP-MC4R20CB" failures="0" tests="1" name="com.ripplestreet.AllGetApis.FeedControllerGetApi" time="1.778" errors="0" timestamp="2023-09-01T11:17:26 IST" skipped="0">
  <testcase classname="com.ripplestreet.AllGetApis.FeedControllerGetApi" name="getAllFeedsForEvent" time="1.778"/>
</testsuite> <!-- com.ripplestreet.AllGetApis.FeedControllerGetApi -->
