<?xml version="1.0" encoding="UTF-8"?>
<!-- Generated by org.testng.reporters.JUnitReportReporter -->
<testsuite hostname="LAPTOP-MC4R20CB" failures="0" tests="1" name="com.ripplestreet.AllGetApis.ActivityGroupControllerGetApi" time="2.706" errors="0" timestamp="2023-09-11T12:59:24 IST" skipped="0">
  <testcase classname="com.ripplestreet.AllGetApis.ActivityGroupControllerGetApi" name="GetActivityGroup" time="2.706"/>
</testsuite> <!-- com.ripplestreet.AllGetApis.ActivityGroupControllerGetApi -->
