<?xml version="1.0" encoding="UTF-8"?>
<!-- Generated by org.testng.reporters.JUnitReportReporter -->
<testsuite hostname="LAPTOP-MC4R20CB" failures="0" tests="1" name="com.ripplestreet.AllGetApis.ProductControllerGetApi" time="2.306" errors="0" timestamp="2023-08-11T14:48:29 IST" skipped="0">
  <testcase classname="com.ripplestreet.AllGetApis.ProductControllerGetApi" name="getListOfProdutsByEventID" time="2.306"/>
</testsuite> <!-- com.ripplestreet.AllGetApis.ProductControllerGetApi -->
