<?xml version="1.0" encoding="UTF-8"?>
<!-- Generated by org.testng.reporters.JUnitReportReporter -->
<testsuite hostname="LAPTOP-MC4R20CB" failures="0" tests="1" name="com.ripplestreet.FilterApis.FeedControllerFiltersGetApi" time="6.255" errors="0" timestamp="2023-09-06T10:50:55 IST" skipped="0">
  <testcase classname="com.ripplestreet.FilterApis.FeedControllerFiltersGetApi" name="getAllfeedForEvents" time="6.255"/>
</testsuite> <!-- com.ripplestreet.FilterApis.FeedControllerFiltersGetApi -->
