<?xml version="1.0" encoding="UTF-8"?>
<!-- Generated by org.testng.reporters.JUnitReportReporter -->
<testsuite hostname="LAPTOP-MC4R20CB" failures="0" tests="1" name="com.ripplestreet.AllPostApis.AudiencepromationControllerPostApi" time="2.923" errors="0" timestamp="2023-08-11T15:12:14 IST" skipped="0">
  <testcase classname="com.ripplestreet.AllPostApis.AudiencepromationControllerPostApi" name="audienceAddPromoteFileProcess" time="2.923"/>
</testsuite> <!-- com.ripplestreet.AllPostApis.AudiencepromationControllerPostApi -->
