<?xml version="1.0" encoding="UTF-8"?>
<!-- Generated by org.testng.reporters.JUnitReportReporter -->
<testsuite hostname="LAPTOP-MC4R20CB" failures="0" tests="1" name="com.ripplestreet.AllGetApis.IteratorGetApi" time="11.643" errors="0" timestamp="2023-07-17T11:20:16 IST" skipped="0">
  <testcase classname="com.ripplestreet.AllGetApis.IteratorGetApi" name="discoverEventsByAllEventType" time="11.643"/>
  <system-out/>
</testsuite> <!-- com.ripplestreet.AllGetApis.IteratorGetApi -->
