<?xml version="1.0" encoding="UTF-8"?>
<!-- Generated by org.testng.reporters.JUnitReportReporter -->
<testsuite hostname="LAPTOP-MC4R20CB" failures="0" tests="1" name="com.ripplestreet.AllGetApis.DraftEventControllerGetApi" time="2.608" errors="0" timestamp="2023-09-04T16:54:54 IST" skipped="0">
  <testcase classname="com.ripplestreet.AllGetApis.DraftEventControllerGetApi" name="getListOfEventsBycampaignId" time="2.608"/>
</testsuite> <!-- com.ripplestreet.AllGetApis.DraftEventControllerGetApi -->
