<?xml version="1.0" encoding="UTF-8"?>
<!-- Generated by org.testng.reporters.JUnitReportReporter -->
<testsuite hostname="LAPTOP-MC4R20CB" failures="0" tests="2" name="com.ripplestreet.AllGetApis.storesControllerGetApi" time="3.488" errors="0" timestamp="2023-08-09T18:29:28 IST" skipped="0">
  <testcase classname="com.ripplestreet.AllGetApis.storesControllerGetApi" name="getAllStoreCollection" time="1.858"/>
  <testcase classname="com.ripplestreet.AllGetApis.storesControllerGetApi" name="getStoreListByCollectionName" time="1.630"/>
</testsuite> <!-- com.ripplestreet.AllGetApis.storesControllerGetApi -->
