<?xml version="1.0" encoding="UTF-8"?>
<!-- Generated by org.testng.reporters.JUnitReportReporter -->
<testsuite hostname="LAPTOP-MC4R20CB" failures="0" tests="2" name="com.ripplestreet.AllGetApis.EnrollmentControllerGetApi" time="4.292" errors="0" timestamp="2023-09-06T14:02:32 IST" skipped="0">
  <testcase classname="com.ripplestreet.AllGetApis.EnrollmentControllerGetApi" name="EnrollmentList" time="1.717"/>
  <testcase classname="com.ripplestreet.AllGetApis.EnrollmentControllerGetApi" name="GetUserEnrollments" time="2.575"/>
</testsuite> <!-- com.ripplestreet.AllGetApis.EnrollmentControllerGetApi -->
