<?xml version="1.0" encoding="UTF-8"?>
<!-- Generated by org.testng.reporters.JUnitReportReporter -->
<testsuite hostname="LAPTOP-MC4R20CB" failures="0" tests="1" name="com.ripplestreet.AllGetApis.ApplicationControllerGetApi" time="2.679" errors="0" timestamp="2023-09-08T14:44:00 IST" skipped="0">
  <testcase classname="com.ripplestreet.AllGetApis.ApplicationControllerGetApi" name="getAllApplications" time="2.679"/>
</testsuite> <!-- com.ripplestreet.AllGetApis.ApplicationControllerGetApi -->
