<?xml version="1.0" encoding="UTF-8"?>
<!-- Generated by org.testng.reporters.JUnitReportReporter -->
<testsuite hostname="LAPTOP-MC4R20CB" failures="0" tests="1" name="com.ripplestreet.AllPostApis.PreSignedUrlControllerPostApi" time="2.376" errors="0" timestamp="2023-09-05T12:16:12 IST" skipped="0">
  <testcase classname="com.ripplestreet.AllPostApis.PreSignedUrlControllerPostApi" name="getPreSignedUrl" time="2.376"/>
</testsuite> <!-- com.ripplestreet.AllPostApis.PreSignedUrlControllerPostApi -->
