<?xml version="1.0" encoding="UTF-8"?>
<!-- Generated by org.testng.reporters.JUnitReportReporter -->
<testsuite hostname="LAPTOP-MC4R20CB" failures="0" tests="5" name="com.ripplestreet.AllGetApis.EventDetailControllerGetApi" time="8.685" errors="0" timestamp="2023-09-06T12:26:52 IST" skipped="0">
  <testcase classname="com.ripplestreet.AllGetApis.EventDetailControllerGetApi" name="getBasicEventDetailByEventID" time="1.554"/>
  <testcase classname="com.ripplestreet.AllGetApis.EventDetailControllerGetApi" name="findAllmileStonesByEvent" time="1.881"/>
  <testcase classname="com.ripplestreet.AllGetApis.EventDetailControllerGetApi" name="findMileStoneById" time="1.677"/>
  <testcase classname="com.ripplestreet.AllGetApis.EventDetailControllerGetApi" name="getListoftargetsByEventId" time="1.822"/>
  <testcase classname="com.ripplestreet.AllGetApis.EventDetailControllerGetApi" name="findAllMilestonesTypeByEventtypes" time="1.751"/>
</testsuite> <!-- com.ripplestreet.AllGetApis.EventDetailControllerGetApi -->
