<?xml version="1.0" encoding="UTF-8"?>
<!-- Generated by org.testng.reporters.JUnitReportReporter -->
<testsuite hostname="LAPTOP-MC4R20CB" failures="0" tests="2" name="com.ripplestreet.AllGetApis.OptinInflightActivationControllerGetApi" time="3.475" errors="0" timestamp="2023-09-04T15:00:16 IST" skipped="0">
  <testcase classname="com.ripplestreet.AllGetApis.OptinInflightActivationControllerGetApi" name="getListOfAllocationTransientRecordByEventId" time="1.381"/>
  <testcase classname="com.ripplestreet.AllGetApis.OptinInflightActivationControllerGetApi" name="getAllocationTransientRecordByEventIdAndPersonId" time="2.094"/>
</testsuite> <!-- com.ripplestreet.AllGetApis.OptinInflightActivationControllerGetApi -->
