<?xml version="1.0" encoding="UTF-8"?>
<!-- Generated by org.testng.reporters.JUnitReportReporter -->
<testsuite hostname="LAPTOP-MC4R20CB" failures="0" tests="1" name="com.ripplestreet.genricUtilities.GetApiFilters" time="10.090" errors="0" timestamp="2023-07-17T14:26:23 IST" skipped="0">
  <testcase classname="com.ripplestreet.genricUtilities.GetApiFilters" name="test" time="10.090"/>
  <system-out/>
</testsuite> <!-- com.ripplestreet.genricUtilities.GetApiFilters -->
