<?xml version="1.0" encoding="UTF-8"?>
<!-- Generated by org.testng.reporters.JUnitReportReporter -->
<testsuite hostname="LAPTOP-MC4R20CB" failures="0" tests="2" name="com.ripplestreet.AllGetApis.SwagControllerGetApi" time="4.882" errors="0" timestamp="2023-09-04T17:08:53 IST" skipped="0">
  <testcase classname="com.ripplestreet.AllGetApis.SwagControllerGetApi" name="getSwag" time="2.824"/>
  <testcase classname="com.ripplestreet.AllGetApis.SwagControllerGetApi" name="getSwagList" time="2.058"/>
</testsuite> <!-- com.ripplestreet.AllGetApis.SwagControllerGetApi -->
