<?xml version="1.0" encoding="UTF-8"?>
<!-- Generated by org.testng.reporters.JUnitReportReporter -->
<testsuite hostname="LAPTOP-MC4R20CB" failures="0" tests="3" name="com.ripplestreet.AllPutApis.EventControllerPutApi" time="5.016" errors="0" timestamp="2023-07-17T11:16:10 IST" skipped="0">
  <testcase classname="com.ripplestreet.AllPutApis.EventControllerPutApi" name="updateComment" time="1.759"/>
  <system-out/>
  <testcase classname="com.ripplestreet.AllPutApis.EventControllerPutApi" name="updateEventPacksCount" time="1.752"/>
  <system-out/>
  <testcase classname="com.ripplestreet.AllPutApis.EventControllerPutApi" name="updateEventSubscriptions" time="1.505"/>
  <system-out/>
</testsuite> <!-- com.ripplestreet.AllPutApis.EventControllerPutApi -->
