<?xml version="1.0" encoding="UTF-8"?>
<!-- Generated by org.testng.reporters.JUnitReportReporter -->
<testsuite hostname="LAPTOP-MC4R20CB" failures="0" tests="2" name="com.ripplestreet.AllGetApis.ReceiptControllerGetApi" time="2.807" errors="0" timestamp="2023-08-30T10:23:40 IST" skipped="0">
  <testcase classname="com.ripplestreet.AllGetApis.ReceiptControllerGetApi" name="getReceiptRecordWithData" time="1.371"/>
  <testcase classname="com.ripplestreet.AllGetApis.ReceiptControllerGetApi" name="getReceiptList" time="1.436"/>
</testsuite> <!-- com.ripplestreet.AllGetApis.ReceiptControllerGetApi -->
