<?xml version="1.0" encoding="UTF-8"?>
<!-- Generated by org.testng.reporters.JUnitReportReporter -->
<testsuite hostname="LAPTOP-MC4R20CB" failures="0" tests="2" name="com.ripplestreet.AllPostApis.EventControllerPostApi" time="3.309" errors="0" timestamp="2023-07-26T15:45:51 IST" skipped="0">
  <testcase classname="com.ripplestreet.AllPostApis.EventControllerPostApi" name="creatEventSubscription" time="1.661"/>
  <system-out/>
  <testcase classname="com.ripplestreet.AllPostApis.EventControllerPostApi" name="getEventById" time="1.648"/>
  <system-out/>
</testsuite> <!-- com.ripplestreet.AllPostApis.EventControllerPostApi -->
