<?xml version="1.0" encoding="UTF-8"?>
<!-- Generated by org.testng.reporters.JUnitReportReporter -->
<testsuite hostname="LAPTOP-MC4R20CB" failures="0" tests="1" name="com.ripplestreet.AllPostApis.UGCControllerPostApi" time="2.954" errors="0" timestamp="2023-09-05T12:33:17 IST" skipped="0">
  <testcase classname="com.ripplestreet.AllPostApis.UGCControllerPostApi" name="getUgcListByfilters" time="2.954"/>
</testsuite> <!-- com.ripplestreet.AllPostApis.UGCControllerPostApi -->
