<?xml version="1.0" encoding="UTF-8"?>
<!-- Generated by org.testng.reporters.JUnitReportReporter -->
<testsuite hostname="LAPTOP-MC4R20CB" failures="0" tests="2" name="com.ripplestreet.AllGetApis.RewardAllocationcontrollerGetApi" time="2.985" errors="0" timestamp="2023-09-07T16:18:34 IST" skipped="0">
  <testcase classname="com.ripplestreet.AllGetApis.RewardAllocationcontrollerGetApi" name="getRewardAllocations" time="1.407"/>
  <testcase classname="com.ripplestreet.AllGetApis.RewardAllocationcontrollerGetApi" name="getRewardAllocation" time="1.578"/>
</testsuite> <!-- com.ripplestreet.AllGetApis.RewardAllocationcontrollerGetApi -->
