<?xml version="1.0" encoding="UTF-8"?>
<!-- Generated by org.testng.reporters.JUnitReportReporter -->
<testsuite hostname="LAPTOP-MC4R20CB" failures="0" tests="1" name="com.ripplestreet.AllGetApis.FeedControllerGetApi" time="2.190" errors="0" timestamp="2023-09-07T14:18:49 IST" skipped="0">
  <testcase classname="com.ripplestreet.AllGetApis.FeedControllerGetApi" name="getAllFeedsForEvent" time="2.190"/>
</testsuite> <!-- com.ripplestreet.AllGetApis.FeedControllerGetApi -->
