<?xml version="1.0" encoding="UTF-8"?>
<!-- Generated by org.testng.reporters.JUnitReportReporter -->
<testsuite hostname="LAPTOP-MC4R20CB" failures="0" tests="1" name="com.ripplestreet.AllPutApis.AssetControllerPutApi" time="2.528" errors="0" timestamp="2023-09-05T15:10:25 IST" skipped="0">
  <testcase classname="com.ripplestreet.AllPutApis.AssetControllerPutApi" name="softDeleteByAssetId" time="2.528"/>
</testsuite> <!-- com.ripplestreet.AllPutApis.AssetControllerPutApi -->
