<?xml version="1.0" encoding="UTF-8"?>
<!-- Generated by org.testng.reporters.JUnitReportReporter -->
<testsuite hostname="LAPTOP-MC4R20CB" failures="0" tests="1" name="com.ripplestreet.AllGetApis.CommonServiceFeedControllerGeApi" time="1.638" errors="0" timestamp="2023-09-07T16:18:34 IST" skipped="0">
  <testcase classname="com.ripplestreet.AllGetApis.CommonServiceFeedControllerGeApi" name="getAllFeedsForEvents" time="1.638"/>
</testsuite> <!-- com.ripplestreet.AllGetApis.CommonServiceFeedControllerGeApi -->
