<?xml version="1.0" encoding="UTF-8"?>
<!-- Generated by org.testng.reporters.JUnitReportReporter -->
<testsuite hostname="LAPTOP-MC4R20CB" failures="0" tests="1" name="com.ripplestreet.AllPostApis.SocialShareControllerPostApi" time="2.216" errors="0" timestamp="2023-09-13T11:48:35 IST" skipped="0">
  <testcase classname="com.ripplestreet.AllPostApis.SocialShareControllerPostApi" name="Create" time="2.216"/>
</testsuite> <!-- com.ripplestreet.AllPostApis.SocialShareControllerPostApi -->
