<?xml version="1.0" encoding="UTF-8"?>
<!-- Generated by org.testng.reporters.JUnitReportReporter -->
<testsuite hostname="LAPTOP-MC4R20CB" failures="0" tests="3" name="com.ripplestreet.AllGetApis.ReviewControllerGetApi" time="6.842" errors="0" timestamp="2023-08-31T15:49:29 IST" skipped="0">
  <testcase classname="com.ripplestreet.AllGetApis.ReviewControllerGetApi" name="getExternalReview" time="1.939"/>
  <testcase classname="com.ripplestreet.AllGetApis.ReviewControllerGetApi" name="getReviewsByTaskId" time="1.911"/>
  <testcase classname="com.ripplestreet.AllGetApis.ReviewControllerGetApi" name="getReview" time="2.992"/>
</testsuite> <!-- com.ripplestreet.AllGetApis.ReviewControllerGetApi -->
