<?xml version="1.0" encoding="UTF-8"?>
<!-- Generated by org.testng.reporters.JUnitReportReporter -->
<testsuite hostname="LAPTOP-MC4R20CB" failures="0" tests="1" name="com.ripplestreet.AllGetApis.TaskControllerGetApi" time="2.063" errors="0" timestamp="2023-09-04T14:56:46 IST" skipped="0">
  <testcase classname="com.ripplestreet.AllGetApis.TaskControllerGetApi" name="getTask" time="2.063"/>
</testsuite> <!-- com.ripplestreet.AllGetApis.TaskControllerGetApi -->
