<?xml version="1.0" encoding="UTF-8"?>
<!-- Generated by org.testng.reporters.JUnitReportReporter -->
<testsuite hostname="LAPTOP-MC4R20CB" failures="0" tests="1" name="com.ripplestreet.AllPostApis.DiscussionControllerPostApi" time="2.709" errors="0" timestamp="2023-09-08T12:16:31 IST" skipped="0">
  <testcase classname="com.ripplestreet.AllPostApis.DiscussionControllerPostApi" name="getDiscussionList" time="2.709"/>
</testsuite> <!-- com.ripplestreet.AllPostApis.DiscussionControllerPostApi -->
