<?xml version="1.0" encoding="UTF-8"?>
<!-- Generated by org.testng.reporters.JUnitReportReporter -->
<testsuite hostname="LAPTOP-MC4R20CB" failures="0" tests="2" name="com.ripplestreet.AllGetApis.TremendouesControllerGetApi" time="12.146" errors="0" timestamp="2023-08-10T12:53:41 IST" skipped="0">
  <testcase classname="com.ripplestreet.AllGetApis.TremendouesControllerGetApi" name="getTremendousCampaigns" time="9.039"/>
  <testcase classname="com.ripplestreet.AllGetApis.TremendouesControllerGetApi" name="getTremendousFundingSources" time="3.107"/>
</testsuite> <!-- com.ripplestreet.AllGetApis.TremendouesControllerGetApi -->
