<?xml version="1.0" encoding="UTF-8"?>
<!-- Generated by org.testng.reporters.JUnitReportReporter -->
<testsuite hostname="LAPTOP-MC4R20CB" failures="0" tests="1" name="com.ripplestreet.AllPostApis.AudienceControllerPostApi" time="2.158" errors="0" timestamp="2023-08-11T14:34:33 IST" skipped="0">
  <testcase classname="com.ripplestreet.AllPostApis.AudienceControllerPostApi" name="getparticipantList" time="2.158"/>
</testsuite> <!-- com.ripplestreet.AllPostApis.AudienceControllerPostApi -->
