<?xml version="1.0" encoding="UTF-8"?>
<!-- Generated by org.testng.reporters.JUnitReportReporter -->
<testsuite hostname="LAPTOP-MC4R20CB" failures="0" tests="1" name="com.ripplestreet.AllGetApis.TargetsControllerGetApi" time="2.708" errors="0" timestamp="2023-09-04T17:10:39 IST" skipped="0">
  <testcase classname="com.ripplestreet.AllGetApis.TargetsControllerGetApi" name="getAlltargets" time="2.708"/>
</testsuite> <!-- com.ripplestreet.AllGetApis.TargetsControllerGetApi -->
