<?xml version="1.0" encoding="UTF-8"?>
<!-- Generated by org.testng.reporters.JUnitReportReporter -->
<testsuite hostname="LAPTOP-MC4R20CB" failures="0" tests="2" name="com.ripplestreet.AllGetApis.TaskControllerGetApi" time="3.516" errors="0" timestamp="2023-09-07T16:18:34 IST" skipped="0">
  <testcase classname="com.ripplestreet.AllGetApis.TaskControllerGetApi" name="getListOfTasks" time="1.905"/>
  <testcase classname="com.ripplestreet.AllGetApis.TaskControllerGetApi" name="getTask" time="1.611"/>
</testsuite> <!-- com.ripplestreet.AllGetApis.TaskControllerGetApi -->
