<?xml version="1.0" encoding="UTF-8"?>
<!-- Generated by org.testng.reporters.JUnitReportReporter -->
<testsuite hostname="LAPTOP-MC4R20CB" failures="0" tests="1" name="com.ripplestreet.AllPostApis.CommunityControllerPostApi" time="2.810" errors="0" timestamp="2023-09-06T18:20:06 IST" skipped="0">
  <testcase classname="com.ripplestreet.AllPostApis.CommunityControllerPostApi" name="saveUserProfile" time="2.810"/>
</testsuite> <!-- com.ripplestreet.AllPostApis.CommunityControllerPostApi -->
