<?xml version="1.0" encoding="UTF-8"?>
<!-- Generated by org.testng.reporters.JUnitReportReporter -->
<testsuite hostname="LAPTOP-MC4R20CB" failures="0" tests="3" name="com.ripplestreet.AllGetApis.AchievementProgramControllerGetApi" time="6.794" errors="0" timestamp="2023-08-31T15:51:29 IST" skipped="0">
  <testcase classname="com.ripplestreet.AllGetApis.AchievementProgramControllerGetApi" name="GetListofAchievementPrograms" time="1.899"/>
  <testcase classname="com.ripplestreet.AllGetApis.AchievementProgramControllerGetApi" name="GetListOfAchievementProgramsforAchievementId" time="3.154"/>
  <testcase classname="com.ripplestreet.AllGetApis.AchievementProgramControllerGetApi" name="GetAchievementProgram" time="1.741"/>
</testsuite> <!-- com.ripplestreet.AllGetApis.AchievementProgramControllerGetApi -->
