<?xml version="1.0" encoding="UTF-8"?>
<!-- Generated by org.testng.reporters.JUnitReportReporter -->
<testsuite hostname="LAPTOP-MC4R20CB" failures="0" tests="3" name="com.ripplestreet.AllGetApis.SegmentationDefinitionControllerVersion2" time="5.720" errors="0" timestamp="2023-09-06T12:26:52 IST" skipped="0">
  <testcase classname="com.ripplestreet.AllGetApis.SegmentationDefinitionControllerVersion2" name="getGetSegmentDefinitionByFolderIdAndSegmentId" time="1.799"/>
  <testcase classname="com.ripplestreet.AllGetApis.SegmentationDefinitionControllerVersion2" name="getAllSegments" time="1.978"/>
  <testcase classname="com.ripplestreet.AllGetApis.SegmentationDefinitionControllerVersion2" name="getSegmentDefinitionById" time="1.943"/>
</testsuite> <!-- com.ripplestreet.AllGetApis.SegmentationDefinitionControllerVersion2 -->
