<?xml version="1.0" encoding="UTF-8"?>
<!-- Generated by org.testng.reporters.JUnitReportReporter -->
<testsuite hostname="LAPTOP-MC4R20CB" failures="0" tests="1" name="com.ripplestreet.AllPostApis.BenefitsControllerPostApi" time="3.599" errors="0" timestamp="2023-09-04T15:36:52 IST" skipped="0">
  <testcase classname="com.ripplestreet.AllPostApis.BenefitsControllerPostApi" name="CreateBenefit" time="3.599"/>
</testsuite> <!-- com.ripplestreet.AllPostApis.BenefitsControllerPostApi -->
