<?xml version="1.0" encoding="UTF-8"?>
<!-- Generated by org.testng.reporters.JUnitReportReporter -->
<testsuite hostname="LAPTOP-MC4R20CB" failures="0" tests="1" name="com.ripplestreet.AllPutApis.CreativeControllerPutApi" time="2.104" errors="0" timestamp="2023-09-06T17:32:44 IST" skipped="0">
  <testcase classname="com.ripplestreet.AllPutApis.CreativeControllerPutApi" name="updateBannerIdandEventId" time="2.104"/>
</testsuite> <!-- com.ripplestreet.AllPutApis.CreativeControllerPutApi -->
