<?xml version="1.0" encoding="UTF-8"?>
<!-- Generated by org.testng.reporters.JUnitReportReporter -->
<testsuite hostname="LAPTOP-MC4R20CB" failures="0" tests="1" name="com.ripplestreet.FilterApis.JobControllerFilterGetApi" time="18.352" errors="0" timestamp="2023-08-30T10:26:49 IST" skipped="0">
  <testcase classname="com.ripplestreet.FilterApis.JobControllerFilterGetApi" name="getListofJobsOfSourecType" time="18.352"/>
</testsuite> <!-- com.ripplestreet.FilterApis.JobControllerFilterGetApi -->
