<?xml version="1.0" encoding="UTF-8"?>
<!-- Generated by org.testng.reporters.JUnitReportReporter -->
<testsuite hostname="LAPTOP-MC4R20CB" failures="0" tests="1" name="com.ripplestreet.AllGetApis.webMvcLinkshandlerGetApi" time="2.319" errors="0" timestamp="2023-08-30T15:39:23 IST" skipped="0">
  <testcase classname="com.ripplestreet.AllGetApis.webMvcLinkshandlerGetApi" name="links" time="2.319"/>
</testsuite> <!-- com.ripplestreet.AllGetApis.webMvcLinkshandlerGetApi -->
