<?xml version="1.0" encoding="UTF-8"?>
<!-- Generated by org.testng.reporters.JUnitReportReporter -->
<testsuite hostname="LAPTOP-MC4R20CB" failures="0" tests="1" name="com.ripplestreet.FilterApis.NotificationControllerFiltersGetApi" time="3.396" errors="0" timestamp="2023-07-20T17:45:42 IST" skipped="0">
  <testcase classname="com.ripplestreet.FilterApis.NotificationControllerFiltersGetApi" name="getAllNotification" time="3.396"/>
  <system-out/>
</testsuite> <!-- com.ripplestreet.FilterApis.NotificationControllerFiltersGetApi -->
