<?xml version="1.0" encoding="UTF-8"?>
<!-- Generated by org.testng.reporters.JUnitReportReporter -->
<testsuite hostname="LAPTOP-MC4R20CB" failures="0" tests="2" name="com.ripplestreet.AllGetApis.SegmentationFolderControllerGetApi" time="3.279" errors="0" timestamp="2023-09-07T16:18:34 IST" skipped="0">
  <testcase classname="com.ripplestreet.AllGetApis.SegmentationFolderControllerGetApi" name="getAllSegmentFolder" time="1.714"/>
  <testcase classname="com.ripplestreet.AllGetApis.SegmentationFolderControllerGetApi" name="GetSegmentFolderFromCampaignSegment" time="1.565"/>
</testsuite> <!-- com.ripplestreet.AllGetApis.SegmentationFolderControllerGetApi -->
