<?xml version="1.0" encoding="UTF-8"?>
<!-- Generated by org.testng.reporters.JUnitReportReporter -->
<testsuite hostname="LAPTOP-MC4R20CB" failures="0" tests="2" name="com.ripplestreet.AllGetApis.gameOptionControllerGetApi" time="3.095" errors="0" timestamp="2023-07-17T11:16:10 IST" skipped="0">
  <testcase classname="com.ripplestreet.AllGetApis.gameOptionControllerGetApi" name="getGameOptionBySlug" time="1.637"/>
  <system-out/>
  <testcase classname="com.ripplestreet.AllGetApis.gameOptionControllerGetApi" name="getListOfOptionsByGameId" time="1.458"/>
  <system-out/>
</testsuite> <!-- com.ripplestreet.AllGetApis.gameOptionControllerGetApi -->
