<?xml version="1.0" encoding="UTF-8"?>
<!-- Generated by org.testng.reporters.JUnitReportReporter -->
<testsuite hostname="LAPTOP-MC4R20CB" failures="0" tests="2" name="com.ripplestreet.AllGetApis.SocialShareControllerGetApi" time="3.631" errors="0" timestamp="2023-09-06T12:26:52 IST" skipped="0">
  <testcase classname="com.ripplestreet.AllGetApis.SocialShareControllerGetApi" name="getReview" time="1.998"/>
  <testcase classname="com.ripplestreet.AllGetApis.SocialShareControllerGetApi" name="getAllReviews" time="1.633"/>
</testsuite> <!-- com.ripplestreet.AllGetApis.SocialShareControllerGetApi -->
