<?xml version="1.0" encoding="UTF-8"?>
<!-- Generated by org.testng.reporters.JUnitReportReporter -->
<testsuite hostname="LAPTOP-MC4R20CB" failures="0" tests="4" name="com.ripplestreet.AllPostApis.UGCControllerPostApi" time="5.071" errors="0" timestamp="2023-09-06T12:36:21 IST" skipped="0">
  <testcase classname="com.ripplestreet.AllPostApis.UGCControllerPostApi" name="getAssestById" time="1.203"/>
  <testcase classname="com.ripplestreet.AllPostApis.UGCControllerPostApi" name="getUgcListByfilters" time="1.334"/>
  <testcase classname="com.ripplestreet.AllPostApis.UGCControllerPostApi" name="uploadComplents" time="1.200"/>
  <testcase classname="com.ripplestreet.AllPostApis.UGCControllerPostApi" name="imagerecognition" time="1.334"/>
</testsuite> <!-- com.ripplestreet.AllPostApis.UGCControllerPostApi -->
