<?xml version="1.0" encoding="UTF-8"?>
<!-- Generated by org.testng.reporters.JUnitReportReporter -->
<testsuite hostname="LAPTOP-MC4R20CB" failures="0" tests="1" name="com.ripplestreet.AllPostApis.AchivementsControllerpostApi" time="2.917" errors="0" timestamp="2023-09-08T11:16:12 IST" skipped="0">
  <testcase classname="com.ripplestreet.AllPostApis.AchivementsControllerpostApi" name="createAchivements" time="2.917"/>
</testsuite> <!-- com.ripplestreet.AllPostApis.AchivementsControllerpostApi -->
