<?xml version="1.0" encoding="UTF-8"?>
<!-- Generated by org.testng.reporters.JUnitReportReporter -->
<testsuite hostname="LAPTOP-MC4R20CB" failures="0" tests="3" name="com.ripplestreet.AllPostApis.AudiencepromationControllerPostApi" time="4.014" errors="0" timestamp="2023-09-06T12:36:21 IST" skipped="0">
  <testcase classname="com.ripplestreet.AllPostApis.AudiencepromationControllerPostApi" name="handleRejects" time="1.226"/>
  <testcase classname="com.ripplestreet.AllPostApis.AudiencepromationControllerPostApi" name="audienceAddPromoteFileProcess" time="1.484"/>
  <testcase classname="com.ripplestreet.AllPostApis.AudiencepromationControllerPostApi" name="addAndPromoteAudience" time="1.304"/>
</testsuite> <!-- com.ripplestreet.AllPostApis.AudiencepromationControllerPostApi -->
