<?xml version="1.0" encoding="UTF-8"?>
<!-- Generated by org.testng.reporters.JUnitReportReporter -->
<testsuite hostname="LAPTOP-MC4R20CB" failures="0" tests="4" name="com.ripplestreet.AllGetApis.RewardDeliveryControllerGetApi" time="8.114" errors="0" timestamp="2023-08-31T11:06:17 IST" skipped="0">
  <testcase classname="com.ripplestreet.AllGetApis.RewardDeliveryControllerGetApi" name="getDeliverySystemAttributeValue" time="1.761"/>
  <testcase classname="com.ripplestreet.AllGetApis.RewardDeliveryControllerGetApi" name="getRewardDeleveries" time="1.751"/>
  <testcase classname="com.ripplestreet.AllGetApis.RewardDeliveryControllerGetApi" name="getRewardDeleverie" time="1.823"/>
  <testcase classname="com.ripplestreet.AllGetApis.RewardDeliveryControllerGetApi" name="getAllRewardDeliveriesByPersonId" time="2.779"/>
</testsuite> <!-- com.ripplestreet.AllGetApis.RewardDeliveryControllerGetApi -->
