<?xml version="1.0" encoding="UTF-8"?>
<!-- Generated by org.testng.reporters.JUnitReportReporter -->
<testsuite hostname="LAPTOP-MC4R20CB" failures="0" tests="3" name="com.ripplestreet.AllPutApis.EventControllerPutApi" time="6.211" errors="0" timestamp="2023-07-26T15:45:51 IST" skipped="0">
  <testcase classname="com.ripplestreet.AllPutApis.EventControllerPutApi" name="updateComment" time="2.059"/>
  <system-out/>
  <testcase classname="com.ripplestreet.AllPutApis.EventControllerPutApi" name="updateEventPacksCount" time="1.974"/>
  <system-out/>
  <testcase classname="com.ripplestreet.AllPutApis.EventControllerPutApi" name="updateEventSubscriptions" time="2.178"/>
  <system-out/>
</testsuite> <!-- com.ripplestreet.AllPutApis.EventControllerPutApi -->
