<?xml version="1.0" encoding="UTF-8"?>
<!-- Generated by org.testng.reporters.JUnitReportReporter -->
<testsuite hostname="LAPTOP-MC4R20CB" failures="0" tests="2" name="com.ripplestreet.AllGetApis.jobControllerGetApi" time="4.136" errors="0" timestamp="2023-07-26T15:45:51 IST" skipped="0">
  <testcase classname="com.ripplestreet.AllGetApis.jobControllerGetApi" name="getAllJobByTypeAndId" time="2.097"/>
  <system-out/>
  <testcase classname="com.ripplestreet.AllGetApis.jobControllerGetApi" name="getAllListOfJobsBySourcetype" time="2.039"/>
  <system-out/>
</testsuite> <!-- com.ripplestreet.AllGetApis.jobControllerGetApi -->
