<?xml version="1.0" encoding="UTF-8"?>
<!-- Generated by org.testng.reporters.JUnitReportReporter -->
<testsuite hostname="LAPTOP-MC4R20CB" failures="0" tests="1" name="com.ripplestreet.AllGetApis.GameControllerGetApi" time="5.761" errors="0" timestamp="2023-09-07T15:42:51 IST" skipped="0">
  <testcase classname="com.ripplestreet.AllGetApis.GameControllerGetApi" name="getWinningoptionBasedOnTheProbability" time="5.761"/>
</testsuite> <!-- com.ripplestreet.AllGetApis.GameControllerGetApi -->
