<?xml version="1.0" encoding="UTF-8"?>
<!-- Generated by org.testng.reporters.JUnitReportReporter -->
<testsuite hostname="LAPTOP-MC4R20CB" failures="0" tests="1" name="com.ripplestreet.AllGetApis.ReservationControllerGetApi" time="2.821" errors="0" timestamp="2023-08-10T11:27:25 IST" skipped="0">
  <testcase classname="com.ripplestreet.AllGetApis.ReservationControllerGetApi" name="GetUserStatusCountbyEventId" time="2.821"/>
</testsuite> <!-- com.ripplestreet.AllGetApis.ReservationControllerGetApi -->
