<?xml version="1.0" encoding="UTF-8"?>
<!-- Generated by org.testng.reporters.JUnitReportReporter -->
<testsuite hostname="LAPTOP-MC4R20CB" failures="0" tests="2" name="com.ripplestreet.AllGetApis.UserAchievementControllerGetApi" time="5.101" errors="0" timestamp="2023-09-11T14:29:08 IST" skipped="0">
  <testcase classname="com.ripplestreet.AllGetApis.UserAchievementControllerGetApi" name="getUserAchivmentsDetails" time="3.240"/>
  <testcase classname="com.ripplestreet.AllGetApis.UserAchievementControllerGetApi" name="getUserProgramsDetailes" time="1.861"/>
</testsuite> <!-- com.ripplestreet.AllGetApis.UserAchievementControllerGetApi -->
