<?xml version="1.0" encoding="UTF-8"?>
<!-- Generated by org.testng.reporters.JUnitReportReporter -->
<testsuite hostname="LAPTOP-MC4R20CB" failures="0" tests="1" name="com.ripplestreet.FilterApis.BenefitControllerFiltersGetApi" time="7.538" errors="0" timestamp="2023-09-06T12:34:38 IST" skipped="0">
  <testcase classname="com.ripplestreet.FilterApis.BenefitControllerFiltersGetApi" name="getListOfBenefit" time="7.538"/>
</testsuite> <!-- com.ripplestreet.FilterApis.BenefitControllerFiltersGetApi -->
