<?xml version="1.0" encoding="UTF-8"?>
<!-- Generated by org.testng.reporters.JUnitReportReporter -->
<testsuite hostname="LAPTOP-MC4R20CB" failures="0" tests="1" name="com.ripplestreet.AllGetApis.SponserControllerGetApi" time="1.258" errors="0" timestamp="2023-09-07T14:21:11 IST" skipped="0">
  <testcase classname="com.ripplestreet.AllGetApis.SponserControllerGetApi" name="getAllSponsors" time="1.258"/>
</testsuite> <!-- com.ripplestreet.AllGetApis.SponserControllerGetApi -->
