<?xml version="1.0" encoding="UTF-8"?>
<!-- Generated by org.testng.reporters.JUnitReportReporter -->
<testsuite hostname="LAPTOP-MC4R20CB" failures="0" tests="7" name="com.ripplestreet.AllGetApis.FAQcontrollerGetApi" time="8.427" errors="0" timestamp="2023-08-30T10:23:40 IST" skipped="0">
  <testcase classname="com.ripplestreet.AllGetApis.FAQcontrollerGetApi" name="getFAQbyEventId" time="1.177"/>
  <testcase classname="com.ripplestreet.AllGetApis.FAQcontrollerGetApi" name="getFAQById" time="1.234"/>
  <testcase classname="com.ripplestreet.AllGetApis.FAQcontrollerGetApi" name="GetFAQDetailByEventIdforCommunity" time="1.226"/>
  <testcase classname="com.ripplestreet.AllGetApis.FAQcontrollerGetApi" name="getlistofFaqTopicbyFaqId" time="1.223"/>
  <testcase classname="com.ripplestreet.AllGetApis.FAQcontrollerGetApi" name="FAQTopicByID" time="1.222"/>
  <testcase classname="com.ripplestreet.AllGetApis.FAQcontrollerGetApi" name="GetlistofFaqTopicItemsbyFaqTopicId" time="1.187"/>
  <testcase classname="com.ripplestreet.AllGetApis.FAQcontrollerGetApi" name="getFAQTopicitemsById" time="1.158"/>
</testsuite> <!-- com.ripplestreet.AllGetApis.FAQcontrollerGetApi -->
