<?xml version="1.0" encoding="UTF-8"?>
<!-- Generated by org.testng.reporters.JUnitReportReporter -->
<testsuite hostname="LAPTOP-MC4R20CB" failures="0" tests="1" name="com.ripplestreet.AllPutApis.AudiencePromotionControllerPutApi" time="1.947" errors="0" timestamp="2023-08-11T14:22:22 IST" skipped="0">
  <testcase classname="com.ripplestreet.AllPutApis.AudiencePromotionControllerPutApi" name="updateAudiencePromotionJobRecordStatusAndParsingCount" time="1.947"/>
</testsuite> <!-- com.ripplestreet.AllPutApis.AudiencePromotionControllerPutApi -->
