<?xml version="1.0" encoding="UTF-8"?>
<!-- Generated by org.testng.reporters.JUnitReportReporter -->
<testsuite hostname="LAPTOP-MC4R20CB" failures="0" tests="1" name="com.ripplestreet.AllGetApis.userFamilyControllerGetApi" time="1.413" errors="0" timestamp="2023-08-11T14:34:51 IST" skipped="0">
  <testcase classname="com.ripplestreet.AllGetApis.userFamilyControllerGetApi" name="getUserChildern" time="1.413"/>
</testsuite> <!-- com.ripplestreet.AllGetApis.userFamilyControllerGetApi -->
