<?xml version="1.0" encoding="UTF-8"?>
<!-- Generated by org.testng.reporters.JUnitReportReporter -->
<testsuite hostname="LAPTOP-MC4R20CB" failures="0" tests="5" name="com.ripplestreet.AllPutApis.CreativeControllerPutApi" time="9.676" errors="0" timestamp="2023-07-26T15:45:51 IST" skipped="0">
  <testcase classname="com.ripplestreet.AllPutApis.CreativeControllerPutApi" name="updateBannerIdandEventId" time="1.820"/>
  <system-out/>
  <testcase classname="com.ripplestreet.AllPutApis.CreativeControllerPutApi" name="updateFavors" time="2.011"/>
  <system-out/>
  <testcase classname="com.ripplestreet.AllPutApis.CreativeControllerPutApi" name="reOrganizeFavors" time="1.810"/>
  <system-out/>
  <testcase classname="com.ripplestreet.AllPutApis.CreativeControllerPutApi" name="UpdateHeroPlayListItems" time="1.995"/>
  <system-out/>
  <testcase classname="com.ripplestreet.AllPutApis.CreativeControllerPutApi" name="ReOrganizeHeroPlayListItems" time="2.040"/>
  <system-out/>
</testsuite> <!-- com.ripplestreet.AllPutApis.CreativeControllerPutApi -->
