<?xml version="1.0" encoding="UTF-8"?>
<!-- Generated by org.testng.reporters.JUnitReportReporter -->
<testsuite hostname="LAPTOP-MC4R20CB" failures="0" tests="2" name="com.ripplestreet.AllGetApis.SegmentationFolderControllerGetApi" time="3.405" errors="0" timestamp="2023-09-04T14:50:45 IST" skipped="0">
  <testcase classname="com.ripplestreet.AllGetApis.SegmentationFolderControllerGetApi" name="getAllSegmentFolder" time="2.145"/>
  <testcase classname="com.ripplestreet.AllGetApis.SegmentationFolderControllerGetApi" name="GetSegmentFolderFromCampaignSegment" time="1.260"/>
</testsuite> <!-- com.ripplestreet.AllGetApis.SegmentationFolderControllerGetApi -->
