<?xml version="1.0" encoding="UTF-8"?>
<!-- Generated by org.testng.reporters.JUnitReportReporter -->
<testsuite hostname="LAPTOP-MC4R20CB" failures="0" tests="2" name="com.ripplestreet.AllPostApis.UserfamilyControllerPostApi" time="3.066" errors="0" timestamp="2023-07-26T15:45:51 IST" skipped="0">
  <testcase classname="com.ripplestreet.AllPostApis.UserfamilyControllerPostApi" name="saveUserChildren" time="1.474"/>
  <system-out/>
  <testcase classname="com.ripplestreet.AllPostApis.UserfamilyControllerPostApi" name="saveUserPets" time="1.592"/>
  <system-out/>
</testsuite> <!-- com.ripplestreet.AllPostApis.UserfamilyControllerPostApi -->
