<?xml version="1.0" encoding="UTF-8"?>
<!-- Generated by org.testng.reporters.JUnitReportReporter -->
<testsuite hostname="LAPTOP-MC4R20CB" failures="0" tests="1" name="com.ripplestreet.AllGetApis.CampaignControllerGetApi" time="1.974" errors="0" timestamp="2023-09-01T10:52:58 IST" skipped="0">
  <testcase classname="com.ripplestreet.AllGetApis.CampaignControllerGetApi" name="findCampaignById" time="1.974"/>
</testsuite> <!-- com.ripplestreet.AllGetApis.CampaignControllerGetApi -->
