<?xml version="1.0" encoding="UTF-8"?>
<!-- Generated by org.testng.reporters.JUnitReportReporter -->
<testsuite hostname="LAPTOP-MC4R20CB" failures="0" tests="2" name="com.ripplestreet.AllPutApis.UgcControllerPutApis" time="3.683" errors="0" timestamp="2023-09-13T12:12:12 IST" skipped="0">
  <testcase classname="com.ripplestreet.AllPutApis.UgcControllerPutApis" name="UpdateUGCToModerteAndFeature" time="2.245"/>
  <testcase classname="com.ripplestreet.AllPutApis.UgcControllerPutApis" name="putUserAssest" time="1.438"/>
</testsuite> <!-- com.ripplestreet.AllPutApis.UgcControllerPutApis -->
