<?xml version="1.0" encoding="UTF-8"?>
<!-- Generated by org.testng.reporters.JUnitReportReporter -->
<testsuite hostname="LAPTOP-MC4R20CB" failures="0" tests="2" name="com.ripplestreet.AllGetApis.TremendouesControllerGetApi" time="4.596" errors="0" timestamp="2023-07-26T15:45:51 IST" skipped="0">
  <testcase classname="com.ripplestreet.AllGetApis.TremendouesControllerGetApi" name="getTremendousCampaigns" time="2.347"/>
  <system-out/>
  <testcase classname="com.ripplestreet.AllGetApis.TremendouesControllerGetApi" name="getTremendousFundingSources" time="2.249"/>
  <system-out/>
</testsuite> <!-- com.ripplestreet.AllGetApis.TremendouesControllerGetApi -->
