<?xml version="1.0" encoding="UTF-8"?>
<!-- Generated by org.testng.reporters.JUnitReportReporter -->
<testsuite hostname="LAPTOP-MC4R20CB" failures="0" tests="1" name="com.ripplestreet.AllPostApis.UGCExportControllerPostApi" time="3.446" errors="0" timestamp="2023-09-08T12:13:24 IST" skipped="0">
  <testcase classname="com.ripplestreet.AllPostApis.UGCExportControllerPostApi" name="UGCAssetExport" time="3.446"/>
</testsuite> <!-- com.ripplestreet.AllPostApis.UGCExportControllerPostApi -->
