<?xml version="1.0" encoding="UTF-8"?>
<!-- Generated by org.testng.reporters.JUnitReportReporter -->
<testsuite hostname="LAPTOP-MC4R20CB" failures="0" tests="3" name="com.ripplestreet.AllGetApis.WorkFlowTemplateControllerGetApi" time="4.684" errors="0" timestamp="2023-09-07T16:18:34 IST" skipped="0">
  <testcase classname="com.ripplestreet.AllGetApis.WorkFlowTemplateControllerGetApi" name="getEventWorkflowTemplateByEventId" time="1.617"/>
  <testcase classname="com.ripplestreet.AllGetApis.WorkFlowTemplateControllerGetApi" name="getListOfWorkFlowTemplates" time="1.562"/>
  <testcase classname="com.ripplestreet.AllGetApis.WorkFlowTemplateControllerGetApi" name="getStepFunctionByArn" time="1.505"/>
</testsuite> <!-- com.ripplestreet.AllGetApis.WorkFlowTemplateControllerGetApi -->
