<?xml version="1.0" encoding="UTF-8"?>
<!-- Generated by org.testng.reporters.JUnitReportReporter -->
<testsuite hostname="LAPTOP-MC4R20CB" failures="0" tests="8" name="com.ripplestreet.AllGetApis.CreativeControllerGetApi" time="14.217" errors="0" timestamp="2023-09-05T12:57:47 IST" skipped="0">
  <testcase classname="com.ripplestreet.AllGetApis.CreativeControllerGetApi" name="findHeroPlaylistById" time="1.642"/>
  <testcase classname="com.ripplestreet.AllGetApis.CreativeControllerGetApi" name="findAllHeroPlaylistByModelId" time="1.557"/>
  <testcase classname="com.ripplestreet.AllGetApis.CreativeControllerGetApi" name="getBannerByEventIdandId" time="1.759"/>
  <testcase classname="com.ripplestreet.AllGetApis.CreativeControllerGetApi" name="getFavorByEventIdAndId" time="1.766"/>
  <testcase classname="com.ripplestreet.AllGetApis.CreativeControllerGetApi" name="finAllBannerByEventId" time="1.612"/>
  <testcase classname="com.ripplestreet.AllGetApis.CreativeControllerGetApi" name="FinfAllfavousByEventId" time="1.736"/>
  <testcase classname="com.ripplestreet.AllGetApis.CreativeControllerGetApi" name="FindHeroplaylistitemById" time="1.541"/>
  <testcase classname="com.ripplestreet.AllGetApis.CreativeControllerGetApi" name="findAllHeroPlaylistItemsByPlayListId" time="2.604"/>
</testsuite> <!-- com.ripplestreet.AllGetApis.CreativeControllerGetApi -->
