<?xml version="1.0" encoding="UTF-8"?>
<!-- Generated by org.testng.reporters.JUnitReportReporter -->
<testsuite hostname="LAPTOP-MC4R20CB" failures="0" tests="1" name="com.ripplestreet.AllGetApis.AudienceSearchControllerGetApi" time="2.800" errors="0" timestamp="2023-09-05T17:45:55 IST" skipped="0">
  <testcase classname="com.ripplestreet.AllGetApis.AudienceSearchControllerGetApi" name="searchableFields" time="2.800"/>
</testsuite> <!-- com.ripplestreet.AllGetApis.AudienceSearchControllerGetApi -->
