<?xml version="1.0" encoding="UTF-8"?>
<!-- Generated by org.testng.reporters.JUnitReportReporter -->
<testsuite hostname="LAPTOP-MC4R20CB" failures="0" tests="2" name="com.ripplestreet.AllGetApis.TremendouesControllerGetApi" time="4.677" errors="0" timestamp="2023-09-07T16:18:34 IST" skipped="0">
  <testcase classname="com.ripplestreet.AllGetApis.TremendouesControllerGetApi" name="getTremendousCampaigns" time="2.431"/>
  <testcase classname="com.ripplestreet.AllGetApis.TremendouesControllerGetApi" name="getTremendousFundingSources" time="2.246"/>
</testsuite> <!-- com.ripplestreet.AllGetApis.TremendouesControllerGetApi -->
