<?xml version="1.0" encoding="UTF-8"?>
<!-- Generated by org.testng.reporters.JUnitReportReporter -->
<testsuite hostname="LAPTOP-MC4R20CB" failures="0" tests="1" name="com.ripplestreet.AllGetApis.MobileAppEventControllerGetApi" time="2.652" errors="0" timestamp="2023-09-06T18:13:43 IST" skipped="0">
  <testcase classname="com.ripplestreet.AllGetApis.MobileAppEventControllerGetApi" name="discovermobileEvents" time="2.652"/>
</testsuite> <!-- com.ripplestreet.AllGetApis.MobileAppEventControllerGetApi -->
