<?xml version="1.0" encoding="UTF-8"?>
<!-- Generated by org.testng.reporters.JUnitReportReporter -->
<testsuite hostname="LAPTOP-MC4R20CB" failures="0" tests="1" name="com.ripplestreet.AllPostApis.ReceiptControllerPostApi" time="2.690" errors="0" timestamp="2023-09-05T11:20:29 IST" skipped="0">
  <testcase classname="com.ripplestreet.AllPostApis.ReceiptControllerPostApi" name="GetReciptlist" time="2.690"/>
</testsuite> <!-- com.ripplestreet.AllPostApis.ReceiptControllerPostApi -->
