<?xml version="1.0" encoding="UTF-8"?>
<!-- Generated by org.testng.reporters.JUnitReportReporter -->
<testsuite hostname="LAPTOP-MC4R20CB" failures="0" tests="3" name="com.ripplestreet.AllPostApis.AudienceControllerPostApi" time="6.449" errors="0" timestamp="2023-09-06T11:02:17 IST" skipped="0">
  <testcase classname="com.ripplestreet.AllPostApis.AudienceControllerPostApi" name="getparticipantList" time="1.685"/>
  <testcase classname="com.ripplestreet.AllPostApis.AudienceControllerPostApi" name="exportUserList" time="3.032"/>
  <testcase classname="com.ripplestreet.AllPostApis.AudienceControllerPostApi" name="getParticipantListForExport" time="1.732"/>
</testsuite> <!-- com.ripplestreet.AllPostApis.AudienceControllerPostApi -->
