<?xml version="1.0" encoding="UTF-8"?>
<!-- Generated by org.testng.reporters.JUnitReportReporter -->
<testsuite hostname="LAPTOP-MC4R20CB" failures="0" tests="1" name="com.ripplestreet.AllGetApis.ClickTheLinkControllerGetApi" time="2.249" errors="0" timestamp="2023-09-13T10:15:10 IST" skipped="0">
  <testcase classname="com.ripplestreet.AllGetApis.ClickTheLinkControllerGetApi" name="getAllLinks" time="2.249"/>
</testsuite> <!-- com.ripplestreet.AllGetApis.ClickTheLinkControllerGetApi -->
