<?xml version="1.0" encoding="UTF-8"?>
<!-- Generated by org.testng.reporters.JUnitReportReporter -->
<testsuite hostname="LAPTOP-MC4R20CB" failures="0" tests="2" name="com.ripplestreet.AllGetApis.CampaignControllerGetApi" time="3.446" errors="0" timestamp="2023-08-09T18:29:28 IST" skipped="0">
  <testcase classname="com.ripplestreet.AllGetApis.CampaignControllerGetApi" name="findCampaignById" time="1.700"/>
  <testcase classname="com.ripplestreet.AllGetApis.CampaignControllerGetApi" name="findAllCampaingn" time="1.746"/>
</testsuite> <!-- com.ripplestreet.AllGetApis.CampaignControllerGetApi -->
