<?xml version="1.0" encoding="UTF-8"?>
<!-- Generated by org.testng.reporters.JUnitReportReporter -->
<testsuite hostname="LAPTOP-MC4R20CB" failures="0" tests="2" name="com.ripplestreet.AllGetApis.UserAchievementControllerGetApi" time="4.476" errors="0" timestamp="2023-09-06T12:59:42 IST" skipped="0">
  <testcase classname="com.ripplestreet.AllGetApis.UserAchievementControllerGetApi" name="getUserAchivmentsDetails" time="2.840"/>
  <testcase classname="com.ripplestreet.AllGetApis.UserAchievementControllerGetApi" name="getUserProgramsDetailes" time="1.636"/>
</testsuite> <!-- com.ripplestreet.AllGetApis.UserAchievementControllerGetApi -->
