<?xml version="1.0" encoding="UTF-8"?>
<!-- Generated by org.testng.reporters.JUnitReportReporter -->
<testsuite hostname="LAPTOP-MC4R20CB" failures="0" tests="2" name="com.ripplestreet.AllPostApis.EnrollmentControllerPostApi" time="2.514" errors="0" timestamp="2023-09-06T12:36:21 IST" skipped="0">
  <testcase classname="com.ripplestreet.AllPostApis.EnrollmentControllerPostApi" name="createNewEnrollment" time="1.248"/>
  <testcase classname="com.ripplestreet.AllPostApis.EnrollmentControllerPostApi" name="RegitserUserEnrollment" time="1.266"/>
</testsuite> <!-- com.ripplestreet.AllPostApis.EnrollmentControllerPostApi -->
