<?xml version="1.0" encoding="UTF-8"?>
<!-- Generated by org.testng.reporters.JUnitReportReporter -->
<testsuite hostname="LAPTOP-MC4R20CB" failures="0" tests="1" name="com.ripplestreet.AllGetApis.ImageRecongnitionControllerGetApi" time="2.906" errors="0" timestamp="2023-09-08T12:37:36 IST" skipped="0">
  <testcase classname="com.ripplestreet.AllGetApis.ImageRecongnitionControllerGetApi" name="getImageValidationResponse" time="2.906"/>
</testsuite> <!-- com.ripplestreet.AllGetApis.ImageRecongnitionControllerGetApi -->
