<?xml version="1.0" encoding="UTF-8"?>
<!-- Generated by org.testng.reporters.JUnitReportReporter -->
<testsuite hostname="LAPTOP-MC4R20CB" failures="0" tests="3" name="com.ripplestreet.AllPostApis.ReviewControllerPostApi" time="4.239" errors="0" timestamp="2023-09-06T12:36:21 IST" skipped="0">
  <testcase classname="com.ripplestreet.AllPostApis.ReviewControllerPostApi" name="getReviewListByFilter" time="1.491"/>
  <testcase classname="com.ripplestreet.AllPostApis.ReviewControllerPostApi" name="createExternalReview" time="1.413"/>
  <testcase classname="com.ripplestreet.AllPostApis.ReviewControllerPostApi" name="create" time="1.335"/>
</testsuite> <!-- com.ripplestreet.AllPostApis.ReviewControllerPostApi -->
