<?xml version="1.0" encoding="UTF-8"?>
<!-- Generated by org.testng.reporters.JUnitReportReporter -->
<testsuite hostname="LAPTOP-MC4R20CB" failures="0" tests="1" name="com.ripplestreet.FilterApis.RewardDeliveryControllerFiltersGetApi" time="51.795" errors="0" timestamp="2023-09-05T18:04:46 IST" skipped="0">
  <testcase classname="com.ripplestreet.FilterApis.RewardDeliveryControllerFiltersGetApi" name="getRewardDeleviries" time="51.795"/>
</testsuite> <!-- com.ripplestreet.FilterApis.RewardDeliveryControllerFiltersGetApi -->
