<?xml version="1.0" encoding="UTF-8"?>
<!-- Generated by org.testng.reporters.JUnitReportReporter -->
<testsuite hostname="LAPTOP-MC4R20CB" failures="0" tests="3" name="com.ripplestreet.AllGetApis.userFamilyControllerGetApi" time="4.968" errors="0" timestamp="2023-07-26T15:45:51 IST" skipped="0">
  <testcase classname="com.ripplestreet.AllGetApis.userFamilyControllerGetApi" name="getUserChildern" time="1.099"/>
  <system-out/>
  <testcase classname="com.ripplestreet.AllGetApis.userFamilyControllerGetApi" name="getAllPetTypes" time="1.889"/>
  <system-out/>
  <testcase classname="com.ripplestreet.AllGetApis.userFamilyControllerGetApi" name="getAllPetsForUser" time="1.980"/>
  <system-out/>
</testsuite> <!-- com.ripplestreet.AllGetApis.userFamilyControllerGetApi -->
