<?xml version="1.0" encoding="UTF-8"?>
<!-- Generated by org.testng.reporters.JUnitReportReporter -->
<testsuite hostname="LAPTOP-MC4R20CB" failures="0" tests="1" name="com.ripplestreet.AllGetApis.LegalControllerGetApi" time="2.599" errors="0" timestamp="2023-09-06T14:27:38 IST" skipped="0">
  <testcase classname="com.ripplestreet.AllGetApis.LegalControllerGetApi" name="getLegalDesclaimer" time="2.599"/>
</testsuite> <!-- com.ripplestreet.AllGetApis.LegalControllerGetApi -->
