<?xml version="1.0" encoding="UTF-8"?>
<!-- Generated by org.testng.reporters.JUnitReportReporter -->
<testsuite hostname="LAPTOP-MC4R20CB" failures="0" tests="1" name="com.ripplestreet.AllPutApis.TackableLinkControllerPutApi" time="1.680" errors="0" timestamp="2023-07-17T11:16:10 IST" skipped="0">
  <testcase classname="com.ripplestreet.AllPutApis.TackableLinkControllerPutApi" name="updateLink" time="1.680"/>
  <system-out/>
</testsuite> <!-- com.ripplestreet.AllPutApis.TackableLinkControllerPutApi -->
