<?xml version="1.0" encoding="UTF-8"?>
<!-- Generated by org.testng.reporters.JUnitReportReporter -->
<testsuite hostname="LAPTOP-MC4R20CB" failures="0" tests="3" name="com.ripplestreet.AllGetApis.SurveyControllerGetApi" time="3.514" errors="0" timestamp="2023-08-30T10:23:40 IST" skipped="0">
  <testcase classname="com.ripplestreet.AllGetApis.SurveyControllerGetApi" name="getSurveyStatusByEventIdAndPid" time="1.150"/>
  <testcase classname="com.ripplestreet.AllGetApis.SurveyControllerGetApi" name="getAllLinksByEventId" time="1.218"/>
  <testcase classname="com.ripplestreet.AllGetApis.SurveyControllerGetApi" name="getSurveyListByEventIdAndPid" time="1.146"/>
</testsuite> <!-- com.ripplestreet.AllGetApis.SurveyControllerGetApi -->
