<?xml version="1.0" encoding="UTF-8"?>
<!-- Generated by org.testng.reporters.JUnitReportReporter -->
<testsuite hostname="LAPTOP-MC4R20CB" failures="0" tests="1" name="com.ripplestreet.FilterApis.ReceiptControllerFiltersGetApi" time="9.900" errors="0" timestamp="2023-07-21T10:16:05 IST" skipped="0">
  <testcase classname="com.ripplestreet.FilterApis.ReceiptControllerFiltersGetApi" name="getReceiptList" time="9.900"/>
  <system-out/>
</testsuite> <!-- com.ripplestreet.FilterApis.ReceiptControllerFiltersGetApi -->
