<?xml version="1.0" encoding="UTF-8"?>
<!-- Generated by org.testng.reporters.JUnitReportReporter -->
<testsuite hostname="LAPTOP-MC4R20CB" failures="0" tests="1" name="com.ripplestreet.AllGetApis.AudienceControllerGetApi" time="3.005" errors="0" timestamp="2023-08-11T10:21:21 IST" skipped="0">
  <testcase classname="com.ripplestreet.AllGetApis.AudienceControllerGetApi" name="getParticipantsWithApplicationsForEvent" time="3.005"/>
</testsuite> <!-- com.ripplestreet.AllGetApis.AudienceControllerGetApi -->
