<?xml version="1.0" encoding="UTF-8"?>
<!-- Generated by org.testng.reporters.JUnitReportReporter -->
<testsuite hostname="LAPTOP-MC4R20CB" failures="0" tests="1" name="com.ripplestreet.AllGetApis.EventDetailControllerGetApi" time="2.457" errors="0" timestamp="2023-09-07T10:00:09 IST" skipped="0">
  <testcase classname="com.ripplestreet.AllGetApis.EventDetailControllerGetApi" name="getBasicEventDetailByEventID" time="2.457"/>
</testsuite> <!-- com.ripplestreet.AllGetApis.EventDetailControllerGetApi -->
