<?xml version="1.0" encoding="UTF-8"?>
<!-- Generated by org.testng.reporters.JUnitReportReporter -->
<testsuite hostname="LAPTOP-MC4R20CB" failures="0" tests="1" name="com.ripplestreet.AllPutApis.EventControllerPutApi" time="2.207" errors="0" timestamp="2023-09-06T10:58:07 IST" skipped="0">
  <testcase classname="com.ripplestreet.AllPutApis.EventControllerPutApi" name="BookmarkOrRemoveBookmark" time="2.207"/>
</testsuite> <!-- com.ripplestreet.AllPutApis.EventControllerPutApi -->
