<?xml version="1.0" encoding="UTF-8"?>
<!-- Generated by org.testng.reporters.JUnitReportReporter -->
<testsuite hostname="LAPTOP-MC4R20CB" failures="0" tests="2" name="com.ripplestreet.AllGetApis.jobControllerGetApi" time="3.629" errors="0" timestamp="2023-09-07T16:18:34 IST" skipped="0">
  <testcase classname="com.ripplestreet.AllGetApis.jobControllerGetApi" name="getAllJobByTypeAndId" time="1.593"/>
  <testcase classname="com.ripplestreet.AllGetApis.jobControllerGetApi" name="getAllListOfJobsBySourcetype" time="2.036"/>
</testsuite> <!-- com.ripplestreet.AllGetApis.jobControllerGetApi -->
