<?xml version="1.0" encoding="UTF-8"?>
<!-- Generated by org.testng.reporters.JUnitReportReporter -->
<testsuite hostname="LAPTOP-MC4R20CB" failures="0" tests="1" name="com.ripplestreet.AllGetApis.NotificationControllerGetApi" time="2.780" errors="0" timestamp="2023-09-08T15:06:31 IST" skipped="0">
  <testcase classname="com.ripplestreet.AllGetApis.NotificationControllerGetApi" name="isEmailExistInSuppressionList" time="2.780"/>
</testsuite> <!-- com.ripplestreet.AllGetApis.NotificationControllerGetApi -->
