<?xml version="1.0" encoding="UTF-8"?>
<!-- Generated by org.testng.reporters.JUnitReportReporter -->
<testsuite hostname="LAPTOP-MC4R20CB" failures="0" tests="3" name="com.ripplestreet.AllGetApis.TriggerControllerGetApi" time="4.663" errors="0" timestamp="2023-09-04T16:07:05 IST" skipped="0">
  <testcase classname="com.ripplestreet.AllGetApis.TriggerControllerGetApi" name="GetAllTriggers" time="1.385"/>
  <testcase classname="com.ripplestreet.AllGetApis.TriggerControllerGetApi" name="getTriggerInfoByTableNameAndOperation" time="1.957"/>
  <testcase classname="com.ripplestreet.AllGetApis.TriggerControllerGetApi" name="getTriggerDefinition" time="1.321"/>
</testsuite> <!-- com.ripplestreet.AllGetApis.TriggerControllerGetApi -->
