<?xml version="1.0" encoding="UTF-8"?>
<!-- Generated by org.testng.reporters.JUnitReportReporter -->
<testsuite hostname="LAPTOP-MC4R20CB" failures="0" tests="1" name="com.ripplestreet.FilterApis.EventControllerFiltersGetApi" time="6.933" errors="0" timestamp="2023-09-01T15:59:26 IST" skipped="0">
  <testcase classname="com.ripplestreet.FilterApis.EventControllerFiltersGetApi" name="DiscoverEventFilters" time="6.933"/>
</testsuite> <!-- com.ripplestreet.FilterApis.EventControllerFiltersGetApi -->
