<?xml version="1.0" encoding="UTF-8"?>
<!-- Generated by org.testng.reporters.JUnitReportReporter -->
<testsuite hostname="LAPTOP-MC4R20CB" failures="0" tests="1" name="com.ripplestreet.FilterApis.GameControllerFiltersGetApi" time="7.927" errors="0" timestamp="2023-09-04T15:24:30 IST" skipped="0">
  <testcase classname="com.ripplestreet.FilterApis.GameControllerFiltersGetApi" name="getAllgames" time="7.927"/>
</testsuite> <!-- com.ripplestreet.FilterApis.GameControllerFiltersGetApi -->
