<?xml version="1.0" encoding="UTF-8"?>
<!-- Generated by org.testng.reporters.JUnitReportReporter -->
<testsuite hostname="LAPTOP-MC4R20CB" failures="0" tests="1" name="com.ripplestreet.AllGetApis.MarketingGoalsControllerGetApi" time="82.811" errors="0" timestamp="2023-09-04T16:01:14 IST" skipped="0">
  <testcase classname="com.ripplestreet.AllGetApis.MarketingGoalsControllerGetApi" name="getMarketingGoalsForEvent" time="82.811"/>
</testsuite> <!-- com.ripplestreet.AllGetApis.MarketingGoalsControllerGetApi -->
