<?xml version="1.0" encoding="UTF-8"?>
<!-- Generated by org.testng.reporters.JUnitReportReporter -->
<testsuite hostname="LAPTOP-MC4R20CB" failures="0" tests="5" name="com.ripplestreet.AllPutApis.CreativeControllerPutApi" time="7.971" errors="0" timestamp="2023-07-17T11:16:10 IST" skipped="0">
  <testcase classname="com.ripplestreet.AllPutApis.CreativeControllerPutApi" name="updateBannerIdandEventId" time="1.627"/>
  <system-out/>
  <testcase classname="com.ripplestreet.AllPutApis.CreativeControllerPutApi" name="updateFavors" time="1.534"/>
  <system-out/>
  <testcase classname="com.ripplestreet.AllPutApis.CreativeControllerPutApi" name="reOrganizeFavors" time="1.617"/>
  <system-out/>
  <testcase classname="com.ripplestreet.AllPutApis.CreativeControllerPutApi" name="UpdateHeroPlayListItems" time="1.666"/>
  <system-out/>
  <testcase classname="com.ripplestreet.AllPutApis.CreativeControllerPutApi" name="ReOrganizeHeroPlayListItems" time="1.527"/>
  <system-out/>
</testsuite> <!-- com.ripplestreet.AllPutApis.CreativeControllerPutApi -->
